BEGIN;
BEGIN
EXPLAIN (ANALYZE, BUFFERS)
select
	c_custkey,
	c_name,
	sum(l_extendedprice * (1 - l_discount)) as revenue,
	c_acctbal,
	n_name,
	c_address,
	c_phone,
	c_comment
from
	customer,
	orders,
	lineitem,
	nation
where
	c_custkey = o_custkey
	and l_orderkey = o_orderkey
	and o_orderdate >= date '1994-07-01'
	and o_orderdate < cast(date '1994-07-01' + interval '3 month' as date)
	and l_returnflag = 'R'
	and c_nationkey = n_nationkey
group by
	c_custkey,
	c_name,
	c_acctbal,
	c_phone,
	n_name,
	c_address,
	c_comment
order by
	revenue desc
LIMIT 20;
                                                                                               QUERY PLAN                                                                                                
---------------------------------------------------------------------------------------------------------------------------------------------------------------------------------------------------------
 Limit  (cost=2273198.33..2273198.38 rows=20 width=175) (actual time=35851.958..35851.966 rows=20 loops=1)
   Buffers: shared hit=758406 read=596882
   ->  Sort  (cost=2273198.33..2274603.12 rows=561917 width=175) (actual time=35851.955..35851.959 rows=20 loops=1)
         Sort Key: (sum((lineitem.l_extendedprice * (1::double precision - lineitem.l_discount))))
         Sort Method: top-N heapsort  Memory: 30kB
         Buffers: shared hit=758406 read=596882
         ->  HashAggregate  (cost=2252626.75..2258245.92 rows=561917 width=175) (actual time=35495.869..35711.934 rows=381459 loops=1)
               Group Key: customer.c_custkey, customer.c_name, customer.c_acctbal, customer.c_phone, nation.n_name, customer.c_address, customer.c_comment
               Buffers: shared hit=758403 read=596882
               ->  Hash Join  (cost=344017.03..2238578.83 rows=561917 width=175) (actual time=11286.269..33584.110 rows=1146807 loops=1)
                     Hash Cond: (customer.c_nationkey = nation.n_nationkey)
                     Buffers: shared hit=758403 read=596882
                     ->  Hash Join  (cost=344015.47..2230850.91 rows=561917 width=153) (actual time=11286.241..33187.503 rows=1146807 loops=1)
                           Hash Cond: (orders.o_custkey = customer.c_custkey)
                           Buffers: shared hit=758402 read=596882
                           ->  Hash Join  (cost=274987.47..2153394.15 rows=561917 width=12) (actual time=9620.355..30567.825 rows=1146807 loops=1)
                                 Hash Cond: (lineitem.l_orderkey = orders.o_orderkey)
                                 Buffers: shared hit=758400 read=561606
                                 ->  Seq Scan on lineitem  (cost=0.00..1817041.30 rows=14865656 width=12) (actual time=0.009..17596.174 rows=14822992 loops=1)
                                       Filter: (l_returnflag = 'R'::bpchar)
                                       Rows Removed by Filter: 45222677
                                       Buffers: shared hit=758396 read=308077
                                 ->  Hash  (cost=267892.95..267892.95 rows=567562 width=8) (actual time=9614.907..9614.907 rows=573807 loops=1)
                                       Buckets: 1048576  Batches: 1  Memory Usage: 30607kB
                                       Buffers: shared hit=4 read=253529
                                       ->  Bitmap Heap Scan on orders  (cost=5857.52..267892.95 rows=567562 width=8) (actual time=27.832..9334.975 rows=573807 loops=1)
                                             Recheck Cond: ((o_orderdate >= '1994-07-01'::date) AND (o_orderdate < '1994-10-01'::date))
                                             Rows Removed by Index Recheck: 14441193
                                             Heap Blocks: lossy=253522
                                             Buffers: shared hit=4 read=253529
                                             ->  Bitmap Index Scan on orders_o_orderkey_o_orderdate_brin_idx  (cost=0.00..5715.62 rows=567562 width=0) (actual time=27.598..27.598 rows=2535680 loops=1)
                                                   Index Cond: ((o_orderdate >= '1994-07-01'::date) AND (o_orderdate < '1994-10-01'::date))
                                                   Buffers: shared hit=2 read=9
                           ->  Hash  (cost=50278.00..50278.00 rows=1500000 width=145) (actual time=1657.499..1657.499 rows=1500000 loops=1)
                                 Buckets: 2097152  Batches: 1  Memory Usage: 281501kB
                                 Buffers: shared hit=2 read=35276
                                 ->  Seq Scan on customer  (cost=0.00..50278.00 rows=1500000 width=145) (actual time=0.004..804.586 rows=1500000 loops=1)
                                       Buffers: shared hit=2 read=35276
                     ->  Hash  (cost=1.25..1.25 rows=25 width=30) (actual time=0.019..0.019 rows=25 loops=1)
                           Buckets: 1024  Batches: 1  Memory Usage: 10kB
                           Buffers: shared hit=1
                           ->  Seq Scan on nation  (cost=0.00..1.25 rows=25 width=30) (actual time=0.006..0.009 rows=25 loops=1)
                                 Buffers: shared hit=1
 Planning time: 5.398 ms
 Execution time: 35862.025 ms
(45 rows)

COMMIT;
COMMIT
