BEGIN;
BEGIN
EXPLAIN (ANALYZE, BUFFERS)
select
	l_shipmode,
	sum(case
		when o_orderpriority = '1-URGENT'
			or o_orderpriority = '2-HIGH'
			then 1
		else 0
	end) as high_line_count,
	sum(case
		when o_orderpriority <> '1-URGENT'
			and o_orderpriority <> '2-HIGH'
			then 1
		else 0
	end) as low_line_count
from
	orders,
	lineitem
where
	o_orderkey = l_orderkey
	and l_shipmode in ('FOB', 'AIR')
	and l_commitdate < l_receiptdate
	and l_shipdate < l_commitdate
	and l_receiptdate >= date '1995-01-01'
	and l_receiptdate < date '1995-01-01' + interval '1 year'
group by
	l_shipmode
order by
	l_shipmode;
                                                                                                                           QUERY PLAN                                                                                                                           
----------------------------------------------------------------------------------------------------------------------------------------------------------------------------------------------------------------------------------------------------------------
 Sort  (cost=3022943.56..3022943.56 rows=1 width=27) (actual time=35305.370..35305.370 rows=2 loops=1)
   Sort Key: lineitem.l_shipmode
   Sort Method: quicksort  Memory: 25kB
   Buffers: shared hit=719649 read=600354
   ->  HashAggregate  (cost=3022943.54..3022943.55 rows=1 width=27) (actual time=35305.290..35305.291 rows=2 loops=1)
         Group Key: lineitem.l_shipmode
         Buffers: shared hit=719644 read=600354
         ->  Hash Join  (cost=591359.14..3017886.14 rows=288994 width=27) (actual time=10337.310..34980.434 rows=312558 loops=1)
               Hash Cond: (lineitem.l_orderkey = orders.o_orderkey)
               Buffers: shared hit=719644 read=600354
               ->  Seq Scan on lineitem  (cost=0.00..2417495.94 rows=288994 width=15) (actual time=0.297..24249.608 rows=312558 loops=1)
                     Filter: ((l_shipmode = ANY ('{FOB,AIR}'::bpchar[])) AND (l_commitdate < l_receiptdate) AND (l_shipdate < l_commitdate) AND (l_receiptdate >= '1995-01-01'::date) AND (l_receiptdate < '1996-01-01 00:00:00'::timestamp without time zone))
                     Rows Removed by Filter: 59733111
                     Buffers: shared hit=594217 read=472256
               ->  Hash  (cost=403671.84..403671.84 rows=15014984 width=20) (actual time=10267.500..10267.500 rows=15015000 loops=1)
                     Buckets: 16777216  Batches: 1  Memory Usage: 893553kB
                     Buffers: shared hit=125424 read=128098
                     ->  Seq Scan on orders  (cost=0.00..403671.84 rows=15014984 width=20) (actual time=0.009..4776.656 rows=15015000 loops=1)
                           Buffers: shared hit=125424 read=128098
 Planning time: 4.068 ms
 Execution time: 35309.768 ms
(21 rows)

COMMIT;
COMMIT
