BEGIN;
BEGIN
EXPLAIN (ANALYZE, BUFFERS)
select
	s_name,
	count(*) as numwait
from
	supplier,
	lineitem l1,
	orders,
	nation
where
	s_suppkey = l1.l_suppkey
	and o_orderkey = l1.l_orderkey
	and o_orderstatus = 'F'
	and l1.l_receiptdate > l1.l_commitdate
	and exists (
		select
			*
		from
			lineitem l2
		where
			l2.l_orderkey = l1.l_orderkey
			and l2.l_suppkey <> l1.l_suppkey
	)
	and not exists (
		select
			*
		from
			lineitem l3
		where
			l3.l_orderkey = l1.l_orderkey
			and l3.l_suppkey <> l1.l_suppkey
			and l3.l_receiptdate > l3.l_commitdate
	)
	and s_nationkey = n_nationkey
	and n_name = 'INDIA'
group by
	s_name
order by
	numwait desc,
	s_name
LIMIT 100;
                                                                                                  QUERY PLAN                                                                                                  
--------------------------------------------------------------------------------------------------------------------------------------------------------------------------------------------------------------
 Limit  (cost=2843837.71..2843837.72 rows=1 width=26) (actual time=42788.953..42788.971 rows=100 loops=1)
   Buffers: shared hit=13929948 read=720526
   ->  Sort  (cost=2843837.71..2843837.72 rows=1 width=26) (actual time=42788.951..42788.959 rows=100 loops=1)
         Sort Key: (count(*)), supplier.s_name
         Sort Method: top-N heapsort  Memory: 32kB
         Buffers: shared hit=13929948 read=720526
         ->  HashAggregate  (cost=2843837.69..2843837.70 rows=1 width=26) (actual time=42786.695..42787.790 rows=4079 loops=1)
               Group Key: supplier.s_name
               Buffers: shared hit=13929940 read=720526
               ->  Nested Loop Anti Join  (cost=2406.88..2843837.69 rows=1 width=26) (actual time=41.665..42716.085 rows=40451 loops=1)
                     Buffers: shared hit=13929940 read=720526
                     ->  Nested Loop Semi Join  (cost=2406.31..2843835.91 rows=1 width=34) (actual time=40.336..39868.734 rows=721293 loops=1)
                           Join Filter: (orders.o_orderkey = l2.l_orderkey)
                           Buffers: shared hit=10310940 read=717732
                           ->  Nested Loop  (cost=2405.75..2323804.50 rows=389226 width=38) (actual time=40.321..34645.947 rows=748809 loops=1)
                                 Buffers: shared hit=6724715 read=554340
                                 ->  Hash Join  (cost=2405.31..1902506.79 rows=800334 width=34) (actual time=40.228..26760.395 rows=1550438 loops=1)
                                       Hash Cond: (l1.l_suppkey = supplier.s_suppkey)
                                       Buffers: shared hit=537476 read=531182
                                       ->  Seq Scan on lineitem l1  (cost=0.00..1817041.30 rows=20015155 width=8) (actual time=0.005..20789.651 rows=37967116 loops=1)
                                             Filter: (l_receiptdate > l_commitdate)
                                             Rows Removed by Filter: 22078553
                                             Buffers: shared hit=535293 read=531180
                                       ->  Hash  (cost=2355.31..2355.31 rows=4000 width=30) (actual time=40.181..40.181 rows=4079 loops=1)
                                             Buckets: 4096  Batches: 1  Memory Usage: 287kB
                                             Buffers: shared hit=2180 read=2
                                             ->  Nested Loop  (cost=43.00..2355.31 rows=4000 width=30) (actual time=0.299..39.081 rows=4079 loops=1)
                                                   Buffers: shared hit=2180 read=2
                                                   ->  Seq Scan on nation  (cost=0.00..1.31 rows=1 width=4) (actual time=0.005..0.012 rows=1 loops=1)
                                                         Filter: (n_name = 'INDIA'::bpchar)
                                                         Rows Removed by Filter: 24
                                                         Buffers: shared hit=1
                                                   ->  Bitmap Heap Scan on supplier  (cost=43.00..2314.00 rows=4000 width=34) (actual time=0.286..38.401 rows=4079 loops=1)
                                                         Recheck Cond: (s_nationkey = nation.n_nationkey)
                                                         Rows Removed by Index Recheck: 95921
                                                         Heap Blocks: lossy=2179
                                                         Buffers: shared hit=2179 read=2
                                                         ->  Bitmap Index Scan on supplier_s_nationkey_s_suppkey_brin_idx  (cost=0.00..42.00 rows=4000 width=0) (actual time=0.270..0.270 rows=23040 loops=1)
                                                               Index Cond: (s_nationkey = nation.n_nationkey)
                                                               Buffers: shared read=2
                                 ->  Index Scan using pk_orders on orders  (cost=0.43..0.52 rows=1 width=4) (actual time=0.004..0.005 rows=0 loops=1550438)
                                       Index Cond: (o_orderkey = l1.l_orderkey)
                                       Filter: (o_orderstatus = 'F'::bpchar)
                                       Rows Removed by Filter: 1
                                       Buffers: shared hit=6187239 read=23158
                           ->  Index Scan using pk_lineitem on lineitem l2  (cost=0.56..1.15 rows=15 width=8) (actual time=0.006..0.006 rows=1 loops=748809)
                                 Index Cond: (l_orderkey = l1.l_orderkey)
                                 Filter: (l_suppkey <> l1.l_suppkey)
                                 Rows Removed by Filter: 0
                                 Buffers: shared hit=3586225 read=163392
                     ->  Index Scan using pk_lineitem on lineitem l3  (cost=0.56..1.15 rows=5 width=8) (actual time=0.003..0.003 rows=1 loops=721293)
                           Index Cond: (l_orderkey = l1.l_orderkey)
                           Filter: ((l_receiptdate > l_commitdate) AND (l_suppkey <> l1.l_suppkey))
                           Rows Removed by Filter: 1
                           Buffers: shared hit=3619000 read=2794
 Planning time: 8.483 ms
 Execution time: 42789.267 ms
(57 rows)

COMMIT;
COMMIT
