BEGIN;
BEGIN
EXPLAIN (ANALYZE, BUFFERS)
select
	c_custkey,
	c_name,
	sum(l_extendedprice * (1 - l_discount)) as revenue,
	c_acctbal,
	n_name,
	c_address,
	c_phone,
	c_comment
from
	customer,
	orders,
	lineitem,
	nation
where
	c_custkey = o_custkey
	and l_orderkey = o_orderkey
	and o_orderdate >= date '1995-01-01'
	and o_orderdate < cast(date '1995-01-01' + interval '3 month' as date)
	and l_returnflag = 'R'
	and c_nationkey = n_nationkey
group by
	c_custkey,
	c_name,
	c_acctbal,
	c_phone,
	n_name,
	c_address,
	c_comment
order by
	revenue desc
LIMIT 20;
                                                                                               QUERY PLAN                                                                                                
---------------------------------------------------------------------------------------------------------------------------------------------------------------------------------------------------------
 Limit  (cost=2281041.82..2281041.87 rows=20 width=175) (actual time=31140.478..31140.485 rows=20 loops=1)
   Buffers: shared hit=803163 read=557401 written=11
   ->  Sort  (cost=2281041.82..2282434.77 rows=557179 width=175) (actual time=31140.475..31140.479 rows=20 loops=1)
         Sort Key: (sum((lineitem.l_extendedprice * (1::double precision - lineitem.l_discount))))
         Sort Method: top-N heapsort  Memory: 30kB
         Buffers: shared hit=803163 read=557401 written=11
         ->  HashAggregate  (cost=2260643.70..2266215.49 rows=557179 width=175) (actual time=30732.962..31000.747 rows=354879 loops=1)
               Group Key: customer.c_custkey, customer.c_name, customer.c_acctbal, customer.c_phone, nation.n_name, customer.c_address, customer.c_comment
               Buffers: shared hit=803160 read=557401 written=11
               ->  Hash Join  (cost=344848.21..2246714.22 rows=557179 width=175) (actual time=7143.772..29038.899 rows=941607 loops=1)
                     Hash Cond: (customer.c_nationkey = nation.n_nationkey)
                     Buffers: shared hit=803160 read=557401 written=11
                     ->  Hash Join  (cost=344846.64..2239051.45 rows=557179 width=153) (actual time=7143.742..28686.434 rows=941607 loops=1)
                           Hash Cond: (orders.o_custkey = customer.c_custkey)
                           Buffers: shared hit=803159 read=557401 written=11
                           ->  Hash Join  (cost=275818.64..2161665.77 rows=557179 width=12) (actual time=5761.607..26664.046 rows=941607 loops=1)
                                 Hash Cond: (lineitem.l_orderkey = orders.o_orderkey)
                                 Buffers: shared hit=767881 read=557401 written=11
                                 ->  Seq Scan on lineitem  (cost=0.00..1824306.24 rows=14925092 width=12) (actual time=0.014..17642.359 rows=14823489 loops=1)
                                       Filter: (l_returnflag = 'R'::bpchar)
                                       Rows Removed by Filter: 45222732
                                       Buffers: shared hit=563184 read=507553 written=1
                                 ->  Hash  (cost=268783.99..268783.99 rows=562772 width=8) (actual time=5756.523..5756.523 rows=562050 loops=1)
                                       Buckets: 1048576  Batches: 1  Memory Usage: 30148kB
                                       Buffers: shared hit=204697 read=49848 written=10
                                       ->  Bitmap Heap Scan on orders  (cost=5808.41..268783.99 rows=562772 width=8) (actual time=27.509..5531.572 rows=562050 loops=1)
                                             Recheck Cond: ((o_orderdate >= '1995-01-01'::date) AND (o_orderdate < '1995-04-01'::date))
                                             Rows Removed by Index Recheck: 14452950
                                             Heap Blocks: lossy=254534
                                             Buffers: shared hit=204697 read=49848 written=10
                                             ->  Bitmap Index Scan on orders_o_orderkey_o_orderdate_brin_idx  (cost=0.00..5667.72 rows=562772 width=0) (actual time=27.348..27.348 rows=2545920 loops=1)
                                                   Index Cond: ((o_orderdate >= '1995-01-01'::date) AND (o_orderdate < '1995-04-01'::date))
                                                   Buffers: shared hit=3 read=8
                           ->  Hash  (cost=50278.00..50278.00 rows=1500000 width=145) (actual time=1373.283..1373.283 rows=1500000 loops=1)
                                 Buckets: 2097152  Batches: 1  Memory Usage: 281501kB
                                 Buffers: shared hit=35278
                                 ->  Seq Scan on customer  (cost=0.00..50278.00 rows=1500000 width=145) (actual time=0.009..538.241 rows=1500000 loops=1)
                                       Buffers: shared hit=35278
                     ->  Hash  (cost=1.25..1.25 rows=25 width=30) (actual time=0.018..0.018 rows=25 loops=1)
                           Buckets: 1024  Batches: 1  Memory Usage: 10kB
                           Buffers: shared hit=1
                           ->  Seq Scan on nation  (cost=0.00..1.25 rows=25 width=30) (actual time=0.005..0.009 rows=25 loops=1)
                                 Buffers: shared hit=1
 Planning time: 3.758 ms
 Execution time: 31159.155 ms
(45 rows)

COMMIT;
COMMIT
