BEGIN;
BEGIN
EXPLAIN (ANALYZE, BUFFERS)
select
	l_shipmode,
	sum(case
		when o_orderpriority = '1-URGENT'
			or o_orderpriority = '2-HIGH'
			then 1
		else 0
	end) as high_line_count,
	sum(case
		when o_orderpriority <> '1-URGENT'
			and o_orderpriority <> '2-HIGH'
			then 1
		else 0
	end) as low_line_count
from
	orders,
	lineitem
where
	o_orderkey = l_orderkey
	and l_shipmode in ('SHIP', 'AIR')
	and l_commitdate < l_receiptdate
	and l_shipdate < l_commitdate
	and l_receiptdate >= date '1996-01-01'
	and l_receiptdate < date '1996-01-01' + interval '1 year'
group by
	l_shipmode
order by
	l_shipmode;
                                                                                                                           QUERY PLAN                                                                                                                            
-----------------------------------------------------------------------------------------------------------------------------------------------------------------------------------------------------------------------------------------------------------------
 Sort  (cost=3050091.85..3050091.86 rows=1 width=27) (actual time=34260.305..34260.306 rows=2 loops=1)
   Sort Key: lineitem.l_shipmode
   Sort Method: quicksort  Memory: 25kB
   Buffers: shared hit=617448 read=714405 dirtied=971 written=516
   ->  HashAggregate  (cost=3050091.84..3050091.85 rows=1 width=27) (actual time=34260.247..34260.247 rows=2 loops=1)
         Group Key: lineitem.l_shipmode
         Buffers: shared hit=617443 read=714405 dirtied=971 written=516
         ->  Hash Join  (cost=596675.08..3044985.37 rows=291798 width=27) (actual time=9021.983..33926.311 rows=312817 loops=1)
               Hash Cond: (lineitem.l_orderkey = orders.o_orderkey)
               Buffers: shared hit=617443 read=714405 dirtied=971 written=516
               ->  Seq Scan on lineitem  (cost=0.00..2439191.60 rows=291798 width=15) (actual time=0.146..24581.591 rows=312817 loops=1)
                     Filter: ((l_shipmode = ANY ('{SHIP,AIR}'::bpchar[])) AND (l_commitdate < l_receiptdate) AND (l_shipdate < l_commitdate) AND (l_receiptdate >= '1996-01-01'::date) AND (l_receiptdate < '1997-01-01 00:00:00'::timestamp without time zone))
                     Rows Removed by Filter: 59731359
                     Buffers: shared hit=361639 read=714405 dirtied=971 written=516
               ->  Hash  (cost=407300.59..407300.59 rows=15149959 width=20) (actual time=8967.945..8967.945 rows=15015000 loops=1)
                     Buckets: 16777216  Batches: 1  Memory Usage: 893553kB
                     Buffers: shared hit=255801
                     ->  Seq Scan on orders  (cost=0.00..407300.59 rows=15149959 width=20) (actual time=0.013..4307.299 rows=15015000 loops=1)
                           Buffers: shared hit=255801
 Planning time: 2.221 ms
 Execution time: 34264.394 ms
(21 rows)

COMMIT;
COMMIT
