BEGIN;
BEGIN
EXPLAIN (ANALYZE, BUFFERS)
select
	c_custkey,
	c_name,
	sum(l_extendedprice * (1 - l_discount)) as revenue,
	c_acctbal,
	n_name,
	c_address,
	c_phone,
	c_comment
from
	customer,
	orders,
	lineitem,
	nation
where
	c_custkey = o_custkey
	and l_orderkey = o_orderkey
	and o_orderdate >= date '1994-11-01'
	and o_orderdate < cast(date '1994-11-01' + interval '3 month' as date)
	and l_returnflag = 'R'
	and c_nationkey = n_nationkey
group by
	c_custkey,
	c_name,
	c_acctbal,
	c_phone,
	n_name,
	c_address,
	c_comment
order by
	revenue desc
LIMIT 20;
                                                                                               QUERY PLAN                                                                                                
---------------------------------------------------------------------------------------------------------------------------------------------------------------------------------------------------------
 Limit  (cost=2294705.23..2294705.28 rows=20 width=175) (actual time=33801.678..33801.684 rows=20 loops=1)
   Buffers: shared hit=952346 read=414792 dirtied=396 written=4555
   ->  Sort  (cost=2294705.23..2296153.71 rows=579394 width=175) (actual time=33801.675..33801.678 rows=20 loops=1)
         Sort Key: (sum((lineitem.l_extendedprice * (1::double precision - lineitem.l_discount))))
         Sort Method: top-N heapsort  Memory: 30kB
         Buffers: shared hit=952346 read=414792 dirtied=396 written=4555
         ->  HashAggregate  (cost=2273493.82..2279287.76 rows=579394 width=175) (actual time=33431.125..33661.504 rows=382029 loops=1)
               Group Key: customer.c_custkey, customer.c_name, customer.c_acctbal, customer.c_phone, nation.n_name, customer.c_address, customer.c_comment
               Buffers: shared hit=952343 read=414792 dirtied=396 written=4555
               ->  Hash Join  (cost=346962.73..2259008.97 rows=579394 width=175) (actual time=9085.860..31422.334 rows=1149039 loops=1)
                     Hash Cond: (customer.c_nationkey = nation.n_nationkey)
                     Buffers: shared hit=952343 read=414792 dirtied=396 written=4555
                     ->  Hash Join  (cost=346961.17..2251040.74 rows=579394 width=153) (actual time=9085.830..31001.805 rows=1149039 loops=1)
                           Hash Cond: (orders.o_custkey = customer.c_custkey)
                           Buffers: shared hit=952342 read=414792 dirtied=396 written=4555
                           ->  Hash Join  (cost=277933.17..2173321.83 rows=579394 width=12) (actual time=7772.439..28973.065 rows=1149039 loops=1)
                                 Hash Cond: (lineitem.l_orderkey = orders.o_orderkey)
                                 Buffers: shared hit=917064 read=414792 dirtied=396 written=4555
                                 ->  Seq Scan on lineitem  (cost=0.00..1833348.23 rows=14999066 width=12) (actual time=0.017..17849.859 rows=14808082 loops=1)
                                       Filter: (l_returnflag = 'R'::bpchar)
                                       Rows Removed by Filter: 45176302
                                       Buffers: shared hit=758989 read=317055
                                 ->  Hash  (cost=270617.88..270617.88 rows=585223 width=8) (actual time=7767.511..7767.511 rows=575062 loops=1)
                                       Buckets: 1048576  Batches: 1  Memory Usage: 30656kB
                                       Buffers: shared hit=158075 read=97737 dirtied=396 written=4555
                                       ->  Bitmap Heap Scan on orders  (cost=6038.54..270617.88 rows=585223 width=8) (actual time=27.706..7503.741 rows=575062 loops=1)
                                             Recheck Cond: ((o_orderdate >= '1994-11-01'::date) AND (o_orderdate < '1995-02-01'::date))
                                             Rows Removed by Index Recheck: 14424938
                                             Heap Blocks: lossy=255801
                                             Buffers: shared hit=158075 read=97737 dirtied=396 written=4555
                                             ->  Bitmap Index Scan on orders_o_orderkey_o_orderdate_brin_idx  (cost=0.00..5892.23 rows=585223 width=0) (actual time=27.505..27.505 rows=2558720 loops=1)
                                                   Index Cond: ((o_orderdate >= '1994-11-01'::date) AND (o_orderdate < '1995-02-01'::date))
                                                   Buffers: shared hit=3 read=8
                           ->  Hash  (cost=50278.00..50278.00 rows=1500000 width=145) (actual time=1307.212..1307.212 rows=1500000 loops=1)
                                 Buckets: 2097152  Batches: 1  Memory Usage: 281501kB
                                 Buffers: shared hit=35278
                                 ->  Seq Scan on customer  (cost=0.00..50278.00 rows=1500000 width=145) (actual time=0.008..538.270 rows=1500000 loops=1)
                                       Buffers: shared hit=35278
                     ->  Hash  (cost=1.25..1.25 rows=25 width=30) (actual time=0.018..0.018 rows=25 loops=1)
                           Buckets: 1024  Batches: 1  Memory Usage: 10kB
                           Buffers: shared hit=1
                           ->  Seq Scan on nation  (cost=0.00..1.25 rows=25 width=30) (actual time=0.004..0.007 rows=25 loops=1)
                                 Buffers: shared hit=1
 Planning time: 4.319 ms
 Execution time: 33818.004 ms
(45 rows)

COMMIT;
COMMIT
