BEGIN;
BEGIN
EXPLAIN (ANALYZE, BUFFERS)
select
	l_shipmode,
	sum(case
		when o_orderpriority = '1-URGENT'
			or o_orderpriority = '2-HIGH'
			then 1
		else 0
	end) as high_line_count,
	sum(case
		when o_orderpriority <> '1-URGENT'
			and o_orderpriority <> '2-HIGH'
			then 1
		else 0
	end) as low_line_count
from
	orders,
	lineitem
where
	o_orderkey = l_orderkey
	and l_shipmode in ('RAIL', 'SHIP')
	and l_commitdate < l_receiptdate
	and l_shipdate < l_commitdate
	and l_receiptdate >= date '1994-01-01'
	and l_receiptdate < date '1994-01-01' + interval '1 year'
group by
	l_shipmode
order by
	l_shipmode;
                                                                                                                            QUERY PLAN                                                                                                                            
------------------------------------------------------------------------------------------------------------------------------------------------------------------------------------------------------------------------------------------------------------------
 Sort  (cost=3065086.00..3065086.00 rows=1 width=27) (actual time=34504.641..34504.642 rows=2 loops=1)
   Sort Key: lineitem.l_shipmode
   Sort Method: quicksort  Memory: 25kB
   Buffers: shared hit=729444 read=609009 dirtied=506 written=4
   ->  HashAggregate  (cost=3065085.98..3065085.99 rows=1 width=27) (actual time=34504.589..34504.590 rows=2 loops=1)
         Group Key: lineitem.l_shipmode
         Buffers: shared hit=729439 read=609009 dirtied=506 written=4
         ->  Hash Join  (cost=599625.78..3059997.47 rows=290772 width=27) (actual time=9812.565..34183.626 rows=311810 loops=1)
               Hash Cond: (lineitem.l_orderkey = orders.o_orderkey)
               Buffers: shared hit=729439 read=609009 dirtied=506 written=4
               ->  Seq Scan on lineitem  (cost=0.00..2451285.06 rows=290772 width=15) (actual time=0.025..24040.920 rows=311810 loops=1)
                     Filter: ((l_shipmode = ANY ('{RAIL,SHIP}'::bpchar[])) AND (l_commitdate < l_receiptdate) AND (l_shipdate < l_commitdate) AND (l_receiptdate >= '1994-01-01'::date) AND (l_receiptdate < '1995-01-01 00:00:00'::timestamp without time zone))
                     Rows Removed by Filter: 59732983
                     Buffers: shared hit=589806 read=491573
               ->  Hash  (cost=409314.79..409314.79 rows=15224879 width=20) (actual time=9733.009..9733.009 rows=15015000 loops=1)
                     Buckets: 16777216  Batches: 1  Memory Usage: 893553kB
                     Buffers: shared hit=139630 read=117436 dirtied=506 written=4
                     ->  Seq Scan on orders  (cost=0.00..409314.79 rows=15224879 width=20) (actual time=0.012..4862.267 rows=15015000 loops=1)
                           Buffers: shared hit=139630 read=117436 dirtied=506 written=4
 Planning time: 2.637 ms
 Execution time: 34518.085 ms
(21 rows)

COMMIT;
COMMIT
