BEGIN;
BEGIN
EXPLAIN (ANALYZE, BUFFERS)
select
	s_name,
	count(*) as numwait
from
	supplier,
	lineitem l1,
	orders,
	nation
where
	s_suppkey = l1.l_suppkey
	and o_orderkey = l1.l_orderkey
	and o_orderstatus = 'F'
	and l1.l_receiptdate > l1.l_commitdate
	and exists (
		select
			*
		from
			lineitem l2
		where
			l2.l_orderkey = l1.l_orderkey
			and l2.l_suppkey <> l1.l_suppkey
	)
	and not exists (
		select
			*
		from
			lineitem l3
		where
			l3.l_orderkey = l1.l_orderkey
			and l3.l_suppkey <> l1.l_suppkey
			and l3.l_receiptdate > l3.l_commitdate
	)
	and s_nationkey = n_nationkey
	and n_name = 'IRAN'
group by
	s_name
order by
	numwait desc,
	s_name
LIMIT 100;
                                                                                                  QUERY PLAN                                                                                                  
--------------------------------------------------------------------------------------------------------------------------------------------------------------------------------------------------------------
 Limit  (cost=2878113.21..2878113.22 rows=1 width=26) (actual time=42029.843..42029.862 rows=100 loops=1)
   Buffers: shared hit=13947514 read=491511 dirtied=155 written=2185
   ->  Sort  (cost=2878113.21..2878113.22 rows=1 width=26) (actual time=42029.842..42029.848 rows=100 loops=1)
         Sort Key: (count(*)), supplier.s_name
         Sort Method: top-N heapsort  Memory: 32kB
         Buffers: shared hit=13947514 read=491511 dirtied=155 written=2185
         ->  HashAggregate  (cost=2878113.19..2878113.20 rows=1 width=26) (actual time=42027.416..42028.658 rows=4023 loops=1)
               Group Key: supplier.s_name
               Buffers: shared hit=13947506 read=491511 dirtied=155 written=2185
               ->  Nested Loop Anti Join  (cost=2406.88..2878113.19 rows=1 width=26) (actual time=38.491..41967.701 rows=39951 loops=1)
                     Buffers: shared hit=13947506 read=491511 dirtied=155 written=2185
                     ->  Nested Loop Semi Join  (cost=2406.31..2878111.41 rows=1 width=34) (actual time=36.773..39059.549 rows=709719 loops=1)
                           Join Filter: (orders.o_orderkey = l2.l_orderkey)
                           Buffers: shared hit=10385863 read=489579 dirtied=155 written=2153
                           ->  Nested Loop  (cost=2405.75..2351716.76 rows=393893 width=38) (actual time=36.679..33790.345 rows=736425 loops=1)
                                 Buffers: shared hit=6844583 read=343320 dirtied=155 written=611
                                 ->  Hash Join  (cost=2405.31..1925288.97 rows=809930 width=34) (actual time=36.643..26140.323 rows=1524554 loops=1)
                                       Hash Cond: (l1.l_suppkey = supplier.s_suppkey)
                                       Buffers: shared hit=761100 read=320345 written=124
                                       ->  Seq Scan on lineitem l1  (cost=0.00..1838827.60 rows=20255136 width=8) (actual time=0.020..19106.950 rows=37966199 loops=1)
                                             Filter: (l_receiptdate > l_commitdate)
                                             Rows Removed by Filter: 22079098
                                             Buffers: shared hit=758916 read=320344 written=124
                                       ->  Hash  (cost=2355.31..2355.31 rows=4000 width=30) (actual time=36.581..36.581 rows=4023 loops=1)
                                             Buckets: 4096  Batches: 1  Memory Usage: 284kB
                                             Buffers: shared hit=2181 read=1
                                             ->  Nested Loop  (cost=43.00..2355.31 rows=4000 width=30) (actual time=0.301..35.419 rows=4023 loops=1)
                                                   Buffers: shared hit=2181 read=1
                                                   ->  Seq Scan on nation  (cost=0.00..1.31 rows=1 width=4) (actual time=0.005..0.009 rows=1 loops=1)
                                                         Filter: (n_name = 'IRAN'::bpchar)
                                                         Rows Removed by Filter: 24
                                                         Buffers: shared hit=1
                                                   ->  Bitmap Heap Scan on supplier  (cost=43.00..2314.00 rows=4000 width=34) (actual time=0.289..34.724 rows=4023 loops=1)
                                                         Recheck Cond: (s_nationkey = nation.n_nationkey)
                                                         Rows Removed by Index Recheck: 95977
                                                         Heap Blocks: lossy=2179
                                                         Buffers: shared hit=2180 read=1
                                                         ->  Bitmap Index Scan on supplier_s_nationkey_s_suppkey_brin_idx  (cost=0.00..42.00 rows=4000 width=0) (actual time=0.272..0.272 rows=23040 loops=1)
                                                               Index Cond: (s_nationkey = nation.n_nationkey)
                                                               Buffers: shared hit=1 read=1
                                 ->  Index Scan using pk_orders on orders  (cost=0.43..0.52 rows=1 width=4) (actual time=0.004..0.005 rows=0 loops=1524554)
                                       Index Cond: (o_orderkey = l1.l_orderkey)
                                       Filter: (o_orderstatus = 'F'::bpchar)
                                       Rows Removed by Filter: 1
                                       Buffers: shared hit=6083483 read=22975 dirtied=155 written=487
                           ->  Index Scan using pk_lineitem on lineitem l2  (cost=0.56..1.15 rows=15 width=8) (actual time=0.006..0.006 rows=1 loops=736425)
                                 Index Cond: (l_orderkey = l1.l_orderkey)
                                 Filter: (l_suppkey <> l1.l_suppkey)
                                 Rows Removed by Filter: 0
                                 Buffers: shared hit=3541280 read=146259 written=1542
                     ->  Index Scan using pk_lineitem on lineitem l3  (cost=0.56..1.15 rows=5 width=8) (actual time=0.004..0.004 rows=1 loops=709719)
                           Index Cond: (l_orderkey = l1.l_orderkey)
                           Filter: ((l_receiptdate > l_commitdate) AND (l_suppkey <> l1.l_suppkey))
                           Rows Removed by Filter: 1
                           Buffers: shared hit=3561643 read=1932 written=32
 Planning time: 9.519 ms
 Execution time: 42030.176 ms
(57 rows)

COMMIT;
COMMIT
