BEGIN;
BEGIN
EXPLAIN (ANALYZE, BUFFERS)
select
	c_custkey,
	c_name,
	sum(l_extendedprice * (1 - l_discount)) as revenue,
	c_acctbal,
	n_name,
	c_address,
	c_phone,
	c_comment
from
	customer,
	orders,
	lineitem,
	nation
where
	c_custkey = o_custkey
	and l_orderkey = o_orderkey
	and o_orderdate >= date '1993-04-01'
	and o_orderdate < cast(date '1993-04-01' + interval '3 month' as date)
	and l_returnflag = 'R'
	and c_nationkey = n_nationkey
group by
	c_custkey,
	c_name,
	c_acctbal,
	c_phone,
	n_name,
	c_address,
	c_comment
order by
	revenue desc
LIMIT 20;
                                                                                               QUERY PLAN                                                                                                
---------------------------------------------------------------------------------------------------------------------------------------------------------------------------------------------------------
 Limit  (cost=2301214.80..2301214.85 rows=20 width=175) (actual time=30954.605..30954.610 rows=20 loops=1)
   Buffers: shared hit=910216 read=462207 dirtied=483 written=375
   ->  Sort  (cost=2301214.80..2302627.08 rows=564911 width=175) (actual time=30954.601..30954.605 rows=20 loops=1)
         Sort Key: (sum((lineitem.l_extendedprice * (1::double precision - lineitem.l_discount))))
         Sort Method: top-N heapsort  Memory: 30kB
         Buffers: shared hit=910216 read=462207 dirtied=483 written=375
         ->  HashAggregate  (cost=2280533.62..2286182.73 rows=564911 width=175) (actual time=30614.596..30816.603 rows=378834 loops=1)
               Group Key: customer.c_custkey, customer.c_name, customer.c_acctbal, customer.c_phone, nation.n_name, customer.c_address, customer.c_comment
               Buffers: shared hit=910213 read=462207 dirtied=483 written=375
               ->  Hash Join  (cost=347422.18..2266410.84 rows=564911 width=175) (actual time=6555.402..28599.842 rows=1136713 loops=1)
                     Hash Cond: (customer.c_nationkey = nation.n_nationkey)
                     Buffers: shared hit=910213 read=462207 dirtied=483 written=375
                     ->  Hash Join  (cost=347420.62..2258641.75 rows=564911 width=153) (actual time=6555.373..28177.148 rows=1136713 loops=1)
                           Hash Cond: (orders.o_custkey = customer.c_custkey)
                           Buffers: shared hit=910212 read=462207 dirtied=483 written=375
                           ->  Hash Join  (cost=278392.62..2181140.09 rows=564911 width=12) (actual time=5181.653..25978.900 rows=1136713 loops=1)
                                 Hash Cond: (lineitem.l_orderkey = orders.o_orderkey)
                                 Buffers: shared hit=874934 read=462207 dirtied=483 written=375
                                 ->  Seq Scan on lineitem  (cost=0.00..1840628.50 rows=15058628 width=12) (actual time=0.016..17557.952 rows=14822462 loops=1)
                                       Filter: (l_returnflag = 'R'::bpchar)
                                       Rows Removed by Filter: 45222571
                                       Buffers: shared hit=640808 read=439509
                                 ->  Hash  (cost=271260.30..271260.30 rows=570586 width=8) (actual time=5177.129..5177.129 rows=568338 loops=1)
                                       Buckets: 1048576  Batches: 1  Memory Usage: 30393kB
                                       Buffers: shared hit=234126 read=22698 dirtied=483 written=375
                                       ->  Bitmap Heap Scan on orders  (cost=5888.51..271260.30 rows=570586 width=8) (actual time=27.774..4985.530 rows=568338 loops=1)
                                             Recheck Cond: ((o_orderdate >= '1993-04-01'::date) AND (o_orderdate < '1993-07-01'::date))
                                             Rows Removed by Index Recheck: 14446662
                                             Heap Blocks: lossy=256813
                                             Buffers: shared hit=234126 read=22698 dirtied=483 written=375
                                             ->  Bitmap Index Scan on orders_o_orderkey_o_orderdate_brin_idx  (cost=0.00..5745.86 rows=570586 width=0) (actual time=27.607..27.607 rows=2568960 loops=1)
                                                   Index Cond: ((o_orderdate >= '1993-04-01'::date) AND (o_orderdate < '1993-07-01'::date))
                                                   Buffers: shared hit=3 read=8 written=1
                           ->  Hash  (cost=50278.00..50278.00 rows=1500000 width=145) (actual time=1364.444..1364.444 rows=1500000 loops=1)
                                 Buckets: 2097152  Batches: 1  Memory Usage: 281501kB
                                 Buffers: shared hit=35278
                                 ->  Seq Scan on customer  (cost=0.00..50278.00 rows=1500000 width=145) (actual time=0.012..529.327 rows=1500000 loops=1)
                                       Buffers: shared hit=35278
                     ->  Hash  (cost=1.25..1.25 rows=25 width=30) (actual time=0.018..0.018 rows=25 loops=1)
                           Buckets: 1024  Batches: 1  Memory Usage: 10kB
                           Buffers: shared hit=1
                           ->  Seq Scan on nation  (cost=0.00..1.25 rows=25 width=30) (actual time=0.005..0.007 rows=25 loops=1)
                                 Buffers: shared hit=1
 Planning time: 4.457 ms
 Execution time: 30969.541 ms
(45 rows)

COMMIT;
COMMIT
