BEGIN;
BEGIN
EXPLAIN (ANALYZE, BUFFERS)
select
	l_shipmode,
	sum(case
		when o_orderpriority = '1-URGENT'
			or o_orderpriority = '2-HIGH'
			then 1
		else 0
	end) as high_line_count,
	sum(case
		when o_orderpriority <> '1-URGENT'
			and o_orderpriority <> '2-HIGH'
			then 1
		else 0
	end) as low_line_count
from
	orders,
	lineitem
where
	o_orderkey = l_orderkey
	and l_shipmode in ('TRUCK', 'RAIL')
	and l_commitdate < l_receiptdate
	and l_shipdate < l_commitdate
	and l_receiptdate >= date '1997-01-01'
	and l_receiptdate < date '1997-01-01' + interval '1 year'
group by
	l_shipmode
order by
	l_shipmode;
                                                                                                                            QUERY PLAN                                                                                                                             
-------------------------------------------------------------------------------------------------------------------------------------------------------------------------------------------------------------------------------------------------------------------
 Sort  (cost=3065161.56..3065161.56 rows=1 width=27) (actual time=33017.797..33017.798 rows=2 loops=1)
   Sort Key: lineitem.l_shipmode
   Sort Method: quicksort  Memory: 25kB
   Buffers: shared hit=1134570 read=203883
   ->  HashAggregate  (cost=3065161.54..3065161.55 rows=1 width=27) (actual time=33017.748..33017.749 rows=2 loops=1)
         Group Key: lineitem.l_shipmode
         Buffers: shared hit=1134565 read=203883
         ->  Hash Join  (cost=599625.78..3060045.91 rows=292322 width=27) (actual time=9141.802..32725.993 rows=311965 loops=1)
               Hash Cond: (lineitem.l_orderkey = orders.o_orderkey)
               Buffers: shared hit=1134565 read=203883
               ->  Seq Scan on lineitem  (cost=0.00..2451285.06 rows=292322 width=15) (actual time=0.030..23292.957 rows=311965 loops=1)
                     Filter: ((l_shipmode = ANY ('{TRUCK,RAIL}'::bpchar[])) AND (l_commitdate < l_receiptdate) AND (l_shipdate < l_commitdate) AND (l_receiptdate >= '1997-01-01'::date) AND (l_receiptdate < '1998-01-01 00:00:00'::timestamp without time zone))
                     Rows Removed by Filter: 59732828
                     Buffers: shared hit=877496 read=203883
               ->  Hash  (cost=409314.79..409314.79 rows=15224879 width=20) (actual time=9071.740..9071.740 rows=15015000 loops=1)
                     Buckets: 16777216  Batches: 1  Memory Usage: 893553kB
                     Buffers: shared hit=257066
                     ->  Seq Scan on orders  (cost=0.00..409314.79 rows=15224879 width=20) (actual time=0.009..3991.704 rows=15015000 loops=1)
                           Buffers: shared hit=257066
 Planning time: 2.438 ms
 Execution time: 33023.678 ms
(21 rows)

COMMIT;
COMMIT
