BEGIN;
BEGIN
EXPLAIN (ANALYZE, BUFFERS)
select
	c_custkey,
	c_name,
	sum(l_extendedprice * (1 - l_discount)) as revenue,
	c_acctbal,
	n_name,
	c_address,
	c_phone,
	c_comment
from
	customer,
	orders,
	lineitem,
	nation
where
	c_custkey = o_custkey
	and l_orderkey = o_orderkey
	and o_orderdate >= date '1993-08-01'
	and o_orderdate < cast(date '1993-08-01' + interval '3 month' as date)
	and l_returnflag = 'R'
	and c_nationkey = n_nationkey
group by
	c_custkey,
	c_name,
	c_acctbal,
	c_phone,
	n_name,
	c_address,
	c_comment
order by
	revenue desc
LIMIT 20;
                                                                                               QUERY PLAN                                                                                                
---------------------------------------------------------------------------------------------------------------------------------------------------------------------------------------------------------
 Limit  (cost=2290427.54..2290427.59 rows=20 width=175) (actual time=32070.813..32070.820 rows=20 loops=1)
   Buffers: shared hit=759319 read=606495 written=38
   ->  Sort  (cost=2290427.54..2291837.32 rows=563912 width=175) (actual time=32070.810..32070.815 rows=20 loops=1)
         Sort Key: (sum((lineitem.l_extendedprice * (1::double precision - lineitem.l_discount))))
         Sort Method: top-N heapsort  Memory: 30kB
         Buffers: shared hit=759319 read=606495 written=38
         ->  HashAggregate  (cost=2269782.93..2275422.05 rows=563912 width=175) (actual time=31730.512..31932.555 rows=381909 loops=1)
               Group Key: customer.c_custkey, customer.c_name, customer.c_acctbal, customer.c_phone, nation.n_name, customer.c_address, customer.c_comment
               Buffers: shared hit=759316 read=606495 written=38
               ->  Hash Join  (cost=346119.55..2255685.13 rows=563912 width=175) (actual time=7602.505..29674.843 rows=1147576 loops=1)
                     Hash Cond: (customer.c_nationkey = nation.n_nationkey)
                     Buffers: shared hit=759316 read=606495 written=38
                     ->  Hash Join  (cost=346117.98..2247929.78 rows=563912 width=153) (actual time=7602.473..29252.394 rows=1147576 loops=1)
                           Hash Cond: (orders.o_custkey = customer.c_custkey)
                           Buffers: shared hit=759315 read=606495 written=38
                           ->  Hash Join  (cost=277089.98..2170443.10 rows=563912 width=12) (actual time=6156.253..27020.736 rows=1147576 loops=1)
                                 Hash Cond: (lineitem.l_orderkey = orders.o_orderkey)
                                 Buffers: shared hit=724037 read=606495 written=38
                                 ->  Seq Scan on lineitem  (cost=0.00..1831523.48 rows=14984138 width=12) (actual time=0.016..17673.130 rows=14822845 loops=1)
                                       Filter: (l_returnflag = 'R'::bpchar)
                                       Rows Removed by Filter: 45221237
                                       Buffers: shared hit=497070 read=577903
                                 ->  Hash  (cost=269970.12..269970.12 rows=569589 width=8) (actual time=6150.986..6150.986 rows=574380 loops=1)
                                       Buckets: 1048576  Batches: 1  Memory Usage: 30629kB
                                       Buffers: shared hit=226967 read=28592 written=38
                                       ->  Bitmap Heap Scan on orders  (cost=5878.29..269970.12 rows=569589 width=8) (actual time=27.653..5940.117 rows=574380 loops=1)
                                             Recheck Cond: ((o_orderdate >= '1993-08-01'::date) AND (o_orderdate < '1993-11-01'::date))
                                             Rows Removed by Index Recheck: 14440620
                                             Heap Blocks: lossy=255548
                                             Buffers: shared hit=226967 read=28592 written=38
                                             ->  Bitmap Index Scan on orders_o_orderkey_o_orderdate_brin_idx  (cost=0.00..5735.89 rows=569589 width=0) (actual time=27.483..27.483 rows=2556160 loops=1)
                                                   Index Cond: ((o_orderdate >= '1993-08-01'::date) AND (o_orderdate < '1993-11-01'::date))
                                                   Buffers: shared hit=11
                           ->  Hash  (cost=50278.00..50278.00 rows=1500000 width=145) (actual time=1436.158..1436.158 rows=1500000 loops=1)
                                 Buckets: 2097152  Batches: 1  Memory Usage: 281501kB
                                 Buffers: shared hit=35278
                                 ->  Seq Scan on customer  (cost=0.00..50278.00 rows=1500000 width=145) (actual time=0.009..563.061 rows=1500000 loops=1)
                                       Buffers: shared hit=35278
                     ->  Hash  (cost=1.25..1.25 rows=25 width=30) (actual time=0.020..0.020 rows=25 loops=1)
                           Buckets: 1024  Batches: 1  Memory Usage: 10kB
                           Buffers: shared hit=1
                           ->  Seq Scan on nation  (cost=0.00..1.25 rows=25 width=30) (actual time=0.005..0.007 rows=25 loops=1)
                                 Buffers: shared hit=1
 Planning time: 3.877 ms
 Execution time: 32087.461 ms
(45 rows)

COMMIT;
COMMIT
