BEGIN;
BEGIN
EXPLAIN (ANALYZE, BUFFERS)
select
	l_shipmode,
	sum(case
		when o_orderpriority = '1-URGENT'
			or o_orderpriority = '2-HIGH'
			then 1
		else 0
	end) as high_line_count,
	sum(case
		when o_orderpriority <> '1-URGENT'
			and o_orderpriority <> '2-HIGH'
			then 1
		else 0
	end) as low_line_count
from
	orders,
	lineitem
where
	o_orderkey = l_orderkey
	and l_shipmode in ('REG AIR', 'SHIP')
	and l_commitdate < l_receiptdate
	and l_shipdate < l_commitdate
	and l_receiptdate >= date '1994-01-01'
	and l_receiptdate < date '1994-01-01' + interval '1 year'
group by
	l_shipmode
order by
	l_shipmode;
                                                                                                                              QUERY PLAN                                                                                                                               
-----------------------------------------------------------------------------------------------------------------------------------------------------------------------------------------------------------------------------------------------------------------------
 Sort  (cost=3031899.99..3031899.99 rows=1 width=27) (actual time=35086.920..35086.920 rows=2 loops=1)
   Sort Key: lineitem.l_shipmode
   Sort Method: quicksort  Memory: 25kB
   Buffers: shared hit=670645 read=653308 written=3685
   ->  HashAggregate  (cost=3031899.97..3031899.98 rows=1 width=27) (actual time=35086.872..35086.874 rows=2 loops=1)
         Group Key: lineitem.l_shipmode
         Buffers: shared hit=670640 read=653308 written=3685
         ->  Hash Join  (cost=593129.56..3026859.58 rows=288022 width=27) (actual time=10371.215..34763.070 rows=311205 loops=1)
               Hash Cond: (lineitem.l_orderkey = orders.o_orderkey)
               Buffers: shared hit=670640 read=653308 written=3685
               ->  Seq Scan on lineitem  (cost=0.00..2424729.33 rows=288022 width=15) (actual time=0.117..24026.280 rows=311205 loops=1)
                     Filter: ((l_shipmode = ANY ('{"REG AIR",SHIP}'::bpchar[])) AND (l_commitdate < l_receiptdate) AND (l_shipdate < l_commitdate) AND (l_receiptdate >= '1994-01-01'::date) AND (l_receiptdate < '1995-01-01 00:00:00'::timestamp without time zone))
                     Rows Removed by Filter: 59674576
                     Buffers: shared hit=502412 read=567252
               ->  Hash  (cost=404880.36..404880.36 rows=15059936 width=20) (actual time=10293.705..10293.705 rows=15000000 loops=1)
                     Buckets: 16777216  Batches: 1  Memory Usage: 892791kB
                     Buffers: shared hit=168225 read=86056 written=3685
                     ->  Seq Scan on orders  (cost=0.00..404880.36 rows=15059936 width=20) (actual time=0.012..4953.662 rows=15000000 loops=1)
                           Buffers: shared hit=168225 read=86056 written=3685
 Planning time: 2.198 ms
 Execution time: 35103.890 ms
(21 rows)

COMMIT;
COMMIT
