BEGIN;
BEGIN
EXPLAIN (ANALYZE, BUFFERS)
select
	s_name,
	count(*) as numwait
from
	supplier,
	lineitem l1,
	orders,
	nation
where
	s_suppkey = l1.l_suppkey
	and o_orderkey = l1.l_orderkey
	and o_orderstatus = 'F'
	and l1.l_receiptdate > l1.l_commitdate
	and exists (
		select
			*
		from
			lineitem l2
		where
			l2.l_orderkey = l1.l_orderkey
			and l2.l_suppkey <> l1.l_suppkey
	)
	and not exists (
		select
			*
		from
			lineitem l3
		where
			l3.l_orderkey = l1.l_orderkey
			and l3.l_suppkey <> l1.l_suppkey
			and l3.l_receiptdate > l3.l_commitdate
	)
	and s_nationkey = n_nationkey
	and n_name = 'BRAZIL'
group by
	s_name
order by
	numwait desc,
	s_name
LIMIT 100;
                                                                                                  QUERY PLAN                                                                                                  
--------------------------------------------------------------------------------------------------------------------------------------------------------------------------------------------------------------
 Limit  (cost=2846705.89..2846705.89 rows=1 width=26) (actual time=39576.135..39576.149 rows=100 loops=1)
   Buffers: shared hit=13955311 read=391575 written=1805
   ->  Sort  (cost=2846705.89..2846705.89 rows=1 width=26) (actual time=39576.134..39576.134 rows=100 loops=1)
         Sort Key: (count(*)), supplier.s_name
         Sort Method: top-N heapsort  Memory: 32kB
         Buffers: shared hit=13955311 read=391575 written=1805
         ->  HashAggregate  (cost=2846705.87..2846705.88 rows=1 width=26) (actual time=39573.986..39575.015 rows=3995 loops=1)
               Group Key: supplier.s_name
               Buffers: shared hit=13955303 read=391575 written=1805
               ->  Nested Loop Anti Join  (cost=2406.88..2846705.86 rows=1 width=26) (actual time=34.112..39524.865 rows=39582 loops=1)
                     Buffers: shared hit=13955303 read=391575 written=1805
                     ->  Nested Loop Semi Join  (cost=2406.31..2846704.08 rows=1 width=34) (actual time=33.921..36700.304 rows=704946 loops=1)
                           Join Filter: (orders.o_orderkey = l2.l_orderkey)
                           Buffers: shared hit=10416782 read=390506 written=1790
                           ->  Nested Loop  (cost=2405.75..2326140.03 rows=389617 width=38) (actual time=33.858..32452.701 rows=731671 loops=1)
                                 Buffers: shared hit=6801089 read=342436 written=1451
                                 ->  Hash Join  (cost=2405.31..1904413.17 rows=801137 width=34) (actual time=33.816..24644.679 rows=1516367 loops=1)
                                       Hash Cond: (l1.l_suppkey = supplier.s_suppkey)
                                       Buffers: shared hit=808839 read=260889 written=85
                                       ->  Seq Scan on lineitem l1  (cost=0.00..1818864.35 rows=20035236 width=8) (actual time=0.015..18260.334 rows=37966905 loops=1)
                                             Filter: (l_receiptdate > l_commitdate)
                                             Rows Removed by Filter: 22078698
                                             Buffers: shared hit=806655 read=260888 written=85
                                       ->  Hash  (cost=2355.31..2355.31 rows=4000 width=30) (actual time=33.767..33.767 rows=3995 loops=1)
                                             Buckets: 4096  Batches: 1  Memory Usage: 282kB
                                             Buffers: shared hit=2181 read=1
                                             ->  Nested Loop  (cost=43.00..2355.31 rows=4000 width=30) (actual time=0.312..32.622 rows=3995 loops=1)
                                                   Buffers: shared hit=2181 read=1
                                                   ->  Seq Scan on nation  (cost=0.00..1.31 rows=1 width=4) (actual time=0.004..0.010 rows=1 loops=1)
                                                         Filter: (n_name = 'BRAZIL'::bpchar)
                                                         Rows Removed by Filter: 24
                                                         Buffers: shared hit=1
                                                   ->  Bitmap Heap Scan on supplier  (cost=43.00..2314.00 rows=4000 width=34) (actual time=0.301..32.000 rows=3995 loops=1)
                                                         Recheck Cond: (s_nationkey = nation.n_nationkey)
                                                         Rows Removed by Index Recheck: 96005
                                                         Heap Blocks: lossy=2179
                                                         Buffers: shared hit=2180 read=1
                                                         ->  Bitmap Index Scan on supplier_s_nationkey_s_suppkey_brin_idx  (cost=0.00..42.00 rows=4000 width=0) (actual time=0.286..0.286 rows=23040 loops=1)
                                                               Index Cond: (s_nationkey = nation.n_nationkey)
                                                               Buffers: shared hit=1 read=1
                                 ->  Index Scan using pk_orders on orders  (cost=0.43..0.52 rows=1 width=4) (actual time=0.004..0.005 rows=0 loops=1516367)
                                       Index Cond: (o_orderkey = l1.l_orderkey)
                                       Filter: (o_orderstatus = 'F'::bpchar)
                                       Rows Removed by Filter: 1
                                       Buffers: shared hit=5992250 read=81547 written=1366
                           ->  Index Scan using pk_lineitem on lineitem l2  (cost=0.56..1.15 rows=15 width=8) (actual time=0.005..0.005 rows=1 loops=731671)
                                 Index Cond: (l_orderkey = l1.l_orderkey)
                                 Filter: (l_suppkey <> l1.l_suppkey)
                                 Rows Removed by Filter: 0
                                 Buffers: shared hit=3615693 read=48070 written=339
                     ->  Index Scan using pk_lineitem on lineitem l3  (cost=0.56..1.15 rows=5 width=8) (actual time=0.004..0.004 rows=1 loops=704946)
                           Index Cond: (l_orderkey = l1.l_orderkey)
                           Filter: ((l_receiptdate > l_commitdate) AND (l_suppkey <> l1.l_suppkey))
                           Rows Removed by Filter: 1
                           Buffers: shared hit=3538521 read=1069 written=15
 Planning time: 8.496 ms
 Execution time: 39576.444 ms
(57 rows)

COMMIT;
COMMIT
