BEGIN;
BEGIN
EXPLAIN (ANALYZE, BUFFERS)
select
	c_custkey,
	c_name,
	sum(l_extendedprice * (1 - l_discount)) as revenue,
	c_acctbal,
	n_name,
	c_address,
	c_phone,
	c_comment
from
	customer,
	orders,
	lineitem,
	nation
where
	c_custkey = o_custkey
	and l_orderkey = o_orderkey
	and o_orderdate >= date '1993-10-01'
	and o_orderdate < cast(date '1993-10-01' + interval '3 month' as date)
	and l_returnflag = 'R'
	and c_nationkey = n_nationkey
group by
	c_custkey,
	c_name,
	c_acctbal,
	c_phone,
	n_name,
	c_address,
	c_comment
order by
	revenue desc
LIMIT 20;
                                                                                               QUERY PLAN                                                                                                
---------------------------------------------------------------------------------------------------------------------------------------------------------------------------------------------------------
 Limit  (cost=2300314.90..2300314.95 rows=20 width=175) (actual time=29598.047..29598.053 rows=20 loops=1)
   Buffers: shared hit=1321699 read=49414 written=167
   ->  Sort  (cost=2300314.90..2301749.01 rows=573644 width=175) (actual time=29598.044..29598.047 rows=20 loops=1)
         Sort Key: (sum((lineitem.l_extendedprice * (1::double precision - lineitem.l_discount))))
         Sort Method: top-N heapsort  Memory: 30kB
         Buffers: shared hit=1321699 read=49414 written=167
         ->  HashAggregate  (cost=2279314.00..2285050.44 rows=573644 width=175) (actual time=29186.622..29457.372 rows=381486 loops=1)
               Group Key: customer.c_custkey, customer.c_name, customer.c_acctbal, customer.c_phone, nation.n_name, customer.c_address, customer.c_comment
               Buffers: shared hit=1321696 read=49414 written=167
               ->  Hash Join  (cost=347501.99..2264972.90 rows=573644 width=175) (actual time=6671.501..27251.195 rows=1148583 loops=1)
                     Hash Cond: (customer.c_nationkey = nation.n_nationkey)
                     Buffers: shared hit=1321696 read=49414 written=167
                     ->  Hash Join  (cost=347500.43..2257083.73 rows=573644 width=153) (actual time=6671.470..26841.531 rows=1148583 loops=1)
                           Hash Cond: (orders.o_custkey = customer.c_custkey)
                           Buffers: shared hit=1321695 read=49414 written=167
                           ->  Hash Join  (cost=278472.43..2179451.07 rows=573644 width=12) (actual time=5340.708..24794.256 rows=1148583 loops=1)
                                 Hash Cond: (lineitem.l_orderkey = orders.o_orderkey)
                                 Buffers: shared hit=1286417 read=49414 written=167
                                 ->  Seq Scan on lineitem  (cost=0.00..1838827.60 rows=15043894 width=12) (actual time=0.040..16335.644 rows=14822649 loops=1)
                                       Filter: (l_returnflag = 'R'::bpchar)
                                       Rows Removed by Filter: 45222648
                                       Buffers: shared hit=1042487 read=36773 written=106
                                 ->  Hash  (cost=271229.90..271229.90 rows=579402 width=8) (actual time=5337.286..5337.286 rows=573941 loops=1)
                                       Buckets: 1048576  Batches: 1  Memory Usage: 30612kB
                                       Buffers: shared hit=243930 read=12641 written=61
                                       ->  Bitmap Heap Scan on orders  (cost=5978.87..271229.90 rows=579402 width=8) (actual time=27.694..5154.450 rows=573941 loops=1)
                                             Recheck Cond: ((o_orderdate >= '1993-10-01'::date) AND (o_orderdate < '1994-01-01'::date))
                                             Rows Removed by Index Recheck: 14441059
                                             Heap Blocks: lossy=256560
                                             Buffers: shared hit=243930 read=12641 written=61
                                             ->  Bitmap Index Scan on orders_o_orderkey_o_orderdate_brin_idx  (cost=0.00..5834.02 rows=579402 width=0) (actual time=27.530..27.530 rows=2566400 loops=1)
                                                   Index Cond: ((o_orderdate >= '1993-10-01'::date) AND (o_orderdate < '1994-01-01'::date))
                                                   Buffers: shared hit=3 read=8
                           ->  Hash  (cost=50278.00..50278.00 rows=1500000 width=145) (actual time=1324.466..1324.466 rows=1500000 loops=1)
                                 Buckets: 2097152  Batches: 1  Memory Usage: 281501kB
                                 Buffers: shared hit=35278
                                 ->  Seq Scan on customer  (cost=0.00..50278.00 rows=1500000 width=145) (actual time=0.009..551.302 rows=1500000 loops=1)
                                       Buffers: shared hit=35278
                     ->  Hash  (cost=1.25..1.25 rows=25 width=30) (actual time=0.019..0.019 rows=25 loops=1)
                           Buckets: 1024  Batches: 1  Memory Usage: 10kB
                           Buffers: shared hit=1
                           ->  Seq Scan on nation  (cost=0.00..1.25 rows=25 width=30) (actual time=0.006..0.008 rows=25 loops=1)
                                 Buffers: shared hit=1
 Planning time: 4.616 ms
 Execution time: 29614.292 ms
(45 rows)

COMMIT;
COMMIT
