BEGIN;
BEGIN
EXPLAIN (ANALYZE, BUFFERS)
select
	c_custkey,
	c_name,
	sum(l_extendedprice * (1 - l_discount)) as revenue,
	c_acctbal,
	n_name,
	c_address,
	c_phone,
	c_comment
from
	customer,
	orders,
	lineitem,
	nation
where
	c_custkey = o_custkey
	and l_orderkey = o_orderkey
	and o_orderdate >= date '1993-06-01'
	and o_orderdate < cast(date '1993-06-01' + interval '3 month' as date)
	and l_returnflag = 'R'
	and c_nationkey = n_nationkey
group by
	c_custkey,
	c_name,
	c_acctbal,
	c_phone,
	n_name,
	c_address,
	c_comment
order by
	revenue desc
LIMIT 20;
                                                                                               QUERY PLAN                                                                                                
---------------------------------------------------------------------------------------------------------------------------------------------------------------------------------------------------------
 Limit  (cost=2288200.62..2288200.67 rows=20 width=175) (actual time=32762.210..32762.216 rows=20 loops=1)
   Buffers: shared hit=1113237 read=249951 written=9
   ->  Sort  (cost=2288200.62..2289646.53 rows=578364 width=175) (actual time=32762.207..32762.209 rows=20 loops=1)
         Sort Key: (sum((lineitem.l_extendedprice * (1::double precision - lineitem.l_discount))))
         Sort Method: top-N heapsort  Memory: 30kB
         Buffers: shared hit=1113237 read=249951 written=9
         ->  HashAggregate  (cost=2267026.92..2272810.56 rows=578364 width=175) (actual time=32396.133..32623.343 rows=381513 loops=1)
               Group Key: customer.c_custkey, customer.c_name, customer.c_acctbal, customer.c_phone, nation.n_name, customer.c_address, customer.c_comment
               Buffers: shared hit=1113234 read=249951 written=9
               ->  Hash Join  (cost=346163.32..2252567.82 rows=578364 width=175) (actual time=8109.544..30436.438 rows=1147560 loops=1)
                     Hash Cond: (customer.c_nationkey = nation.n_nationkey)
                     Buffers: shared hit=1113234 read=249951 written=9
                     ->  Hash Join  (cost=346161.75..2244613.76 rows=578364 width=153) (actual time=8109.516..30024.392 rows=1147560 loops=1)
                           Hash Cond: (orders.o_custkey = customer.c_custkey)
                           Buffers: shared hit=1113233 read=249951 written=9
                           ->  Hash Join  (cost=277133.75..2166910.30 rows=578364 width=12) (actual time=6416.413..27594.709 rows=1147560 loops=1)
                                 Hash Cond: (lineitem.l_orderkey = orders.o_orderkey)
                                 Buffers: shared hit=1113231 read=214675 written=3
                                 ->  Seq Scan on lineitem  (cost=0.00..1827913.15 rows=14954601 width=12) (actual time=0.034..18047.548 rows=14822937 loops=1)
                                       Filter: (l_returnflag = 'R'::bpchar)
                                       Rows Removed by Filter: 45222373
                                       Buffers: shared hit=905333 read=167521 written=1
                                 ->  Hash  (cost=269831.52..269831.52 rows=584179 width=8) (actual time=6411.233..6411.233 rows=574241 loops=1)
                                       Buckets: 1048576  Batches: 1  Memory Usage: 30624kB
                                       Buffers: shared hit=207898 read=47154 written=2
                                       ->  Bitmap Heap Scan on orders  (cost=6027.83..269831.52 rows=584179 width=8) (actual time=27.594..6181.488 rows=574241 loops=1)
                                             Recheck Cond: ((o_orderdate >= '1993-06-01'::date) AND (o_orderdate < '1993-09-01'::date))
                                             Rows Removed by Index Recheck: 14440759
                                             Heap Blocks: lossy=255041
                                             Buffers: shared hit=207898 read=47154 written=2
                                             ->  Bitmap Index Scan on orders_o_orderkey_o_orderdate_brin_idx  (cost=0.00..5881.79 rows=584179 width=0) (actual time=27.426..27.426 rows=2551040 loops=1)
                                                   Index Cond: ((o_orderdate >= '1993-06-01'::date) AND (o_orderdate < '1993-09-01'::date))
                                                   Buffers: shared hit=2 read=9
                           ->  Hash  (cost=50278.00..50278.00 rows=1500000 width=145) (actual time=1683.281..1683.281 rows=1500000 loops=1)
                                 Buckets: 2097152  Batches: 1  Memory Usage: 281501kB
                                 Buffers: shared hit=2 read=35276 written=6
                                 ->  Seq Scan on customer  (cost=0.00..50278.00 rows=1500000 width=145) (actual time=0.007..866.679 rows=1500000 loops=1)
                                       Buffers: shared hit=2 read=35276 written=6
                     ->  Hash  (cost=1.25..1.25 rows=25 width=30) (actual time=0.018..0.018 rows=25 loops=1)
                           Buckets: 1024  Batches: 1  Memory Usage: 10kB
                           Buffers: shared hit=1
                           ->  Seq Scan on nation  (cost=0.00..1.25 rows=25 width=30) (actual time=0.005..0.010 rows=25 loops=1)
                                 Buffers: shared hit=1
 Planning time: 4.328 ms
 Execution time: 32775.680 ms
(45 rows)

COMMIT;
COMMIT
