BEGIN;
BEGIN
EXPLAIN (ANALYZE, BUFFERS)
select
	s_name,
	count(*) as numwait
from
	supplier,
	lineitem l1,
	orders,
	nation
where
	s_suppkey = l1.l_suppkey
	and o_orderkey = l1.l_orderkey
	and o_orderstatus = 'F'
	and l1.l_receiptdate > l1.l_commitdate
	and exists (
		select
			*
		from
			lineitem l2
		where
			l2.l_orderkey = l1.l_orderkey
			and l2.l_suppkey <> l1.l_suppkey
	)
	and not exists (
		select
			*
		from
			lineitem l3
		where
			l3.l_orderkey = l1.l_orderkey
			and l3.l_suppkey <> l1.l_suppkey
			and l3.l_receiptdate > l3.l_commitdate
	)
	and s_nationkey = n_nationkey
	and n_name = 'JORDAN'
group by
	s_name
order by
	numwait desc,
	s_name
LIMIT 100;
                                                                                                  QUERY PLAN                                                                                                  
--------------------------------------------------------------------------------------------------------------------------------------------------------------------------------------------------------------
 Limit  (cost=2852391.47..2852391.47 rows=1 width=26) (actual time=39086.186..39086.205 rows=100 loops=1)
   Buffers: shared hit=13697555 read=459398 written=388
   ->  Sort  (cost=2852391.47..2852391.47 rows=1 width=26) (actual time=39086.184..39086.191 rows=100 loops=1)
         Sort Key: (count(*)), supplier.s_name
         Sort Method: top-N heapsort  Memory: 32kB
         Buffers: shared hit=13697555 read=459398 written=388
         ->  HashAggregate  (cost=2852391.45..2852391.46 rows=1 width=26) (actual time=39083.858..39085.034 rows=3933 loops=1)
               Group Key: supplier.s_name
               Buffers: shared hit=13697547 read=459398 written=388
               ->  Nested Loop Anti Join  (cost=2406.88..2852391.44 rows=1 width=26) (actual time=32.096..39030.347 rows=39107 loops=1)
                     Buffers: shared hit=13697547 read=459398 written=388
                     ->  Nested Loop Semi Join  (cost=2406.31..2852389.66 rows=1 width=34) (actual time=31.797..36254.821 rows=695036 loops=1)
                           Join Filter: (orders.o_orderkey = l2.l_orderkey)
                           Buffers: shared hit=10208861 read=458055 written=379
                           ->  Nested Loop  (cost=2405.75..2330770.55 rows=390391 width=38) (actual time=31.744..32145.032 rows=721525 loops=1)
                                 Buffers: shared hit=6637259 read=416602 written=301
                                 ->  Hash Join  (cost=2405.31..1908192.09 rows=802729 width=34) (actual time=31.572..24986.537 rows=1493459 loops=1)
                                       Hash Cond: (l1.l_suppkey = supplier.s_suppkey)
                                       Buffers: shared hit=693472 read=378377 written=55
                                       ->  Seq Scan on lineitem l1  (cost=0.00..1822478.08 rows=20075042 width=8) (actual time=0.018..18332.429 rows=37966584 loops=1)
                                             Filter: (l_receiptdate > l_commitdate)
                                             Rows Removed by Filter: 22078719
                                             Buffers: shared hit=691288 read=378376 written=55
                                       ->  Hash  (cost=2355.31..2355.31 rows=4000 width=30) (actual time=31.524..31.524 rows=3933 loops=1)
                                             Buckets: 4096  Batches: 1  Memory Usage: 278kB
                                             Buffers: shared hit=2181 read=1
                                             ->  Nested Loop  (cost=43.00..2355.31 rows=4000 width=30) (actual time=0.319..30.425 rows=3933 loops=1)
                                                   Buffers: shared hit=2181 read=1
                                                   ->  Seq Scan on nation  (cost=0.00..1.31 rows=1 width=4) (actual time=0.007..0.011 rows=1 loops=1)
                                                         Filter: (n_name = 'JORDAN'::bpchar)
                                                         Rows Removed by Filter: 24
                                                         Buffers: shared hit=1
                                                   ->  Bitmap Heap Scan on supplier  (cost=43.00..2314.00 rows=4000 width=34) (actual time=0.305..29.777 rows=3933 loops=1)
                                                         Recheck Cond: (s_nationkey = nation.n_nationkey)
                                                         Rows Removed by Index Recheck: 96067
                                                         Heap Blocks: lossy=2179
                                                         Buffers: shared hit=2180 read=1
                                                         ->  Bitmap Index Scan on supplier_s_nationkey_s_suppkey_brin_idx  (cost=0.00..42.00 rows=4000 width=0) (actual time=0.285..0.285 rows=23040 loops=1)
                                                               Index Cond: (s_nationkey = nation.n_nationkey)
                                                               Buffers: shared hit=1 read=1
                                 ->  Index Scan using pk_orders on orders  (cost=0.43..0.52 rows=1 width=4) (actual time=0.004..0.004 rows=0 loops=1493459)
                                       Index Cond: (o_orderkey = l1.l_orderkey)
                                       Filter: (o_orderstatus = 'F'::bpchar)
                                       Rows Removed by Filter: 1
                                       Buffers: shared hit=5943787 read=38225 written=246
                           ->  Index Scan using pk_lineitem on lineitem l2  (cost=0.56..1.15 rows=15 width=8) (actual time=0.005..0.005 rows=1 loops=721525)
                                 Index Cond: (l_orderkey = l1.l_orderkey)
                                 Filter: (l_suppkey <> l1.l_suppkey)
                                 Rows Removed by Filter: 0
                                 Buffers: shared hit=3571602 read=41453 written=78
                     ->  Index Scan using pk_lineitem on lineitem l3  (cost=0.56..1.15 rows=5 width=8) (actual time=0.004..0.004 rows=1 loops=695036)
                           Index Cond: (l_orderkey = l1.l_orderkey)
                           Filter: ((l_receiptdate > l_commitdate) AND (l_suppkey <> l1.l_suppkey))
                           Rows Removed by Filter: 1
                           Buffers: shared hit=3488686 read=1343 written=9
 Planning time: 9.108 ms
 Execution time: 39086.514 ms
(57 rows)

COMMIT;
COMMIT
