BEGIN;
BEGIN
EXPLAIN (ANALYZE, BUFFERS)
select
	c_custkey,
	c_name,
	sum(l_extendedprice * (1 - l_discount)) as revenue,
	c_acctbal,
	n_name,
	c_address,
	c_phone,
	c_comment
from
	customer,
	orders,
	lineitem,
	nation
where
	c_custkey = o_custkey
	and l_orderkey = o_orderkey
	and o_orderdate >= date '1993-05-01'
	and o_orderdate < cast(date '1993-05-01' + interval '3 month' as date)
	and l_returnflag = 'R'
	and c_nationkey = n_nationkey
group by
	c_custkey,
	c_name,
	c_acctbal,
	c_phone,
	n_name,
	c_address,
	c_comment
order by
	revenue desc
LIMIT 20;
                                                                                               QUERY PLAN                                                                                                
---------------------------------------------------------------------------------------------------------------------------------------------------------------------------------------------------------
 Limit  (cost=2291210.98..2291211.03 rows=20 width=175) (actual time=33378.980..33378.986 rows=20 loops=1)
   Buffers: shared hit=723862 read=641952 dirtied=1 written=84
   ->  Sort  (cost=2291210.98..2292634.91 rows=569569 width=175) (actual time=33378.977..33378.981 rows=20 loops=1)
         Sort Key: (sum((lineitem.l_extendedprice * (1::double precision - lineitem.l_discount))))
         Sort Method: top-N heapsort  Memory: 30kB
         Buffers: shared hit=723862 read=641952 dirtied=1 written=84
         ->  HashAggregate  (cost=2270359.27..2276054.96 rows=569569 width=175) (actual time=33035.897..33240.609 rows=381747 loops=1)
               Group Key: customer.c_custkey, customer.c_name, customer.c_acctbal, customer.c_phone, nation.n_name, customer.c_address, customer.c_comment
               Buffers: shared hit=723859 read=641952 dirtied=1 written=84
               ->  Hash Join  (cost=346335.25..2256120.04 rows=569569 width=175) (actual time=8204.265..30943.947 rows=1148653 loops=1)
                     Hash Cond: (customer.c_nationkey = nation.n_nationkey)
                     Buffers: shared hit=723859 read=641952 dirtied=1 written=84
                     ->  Hash Join  (cost=346333.69..2248286.91 rows=569569 width=153) (actual time=8204.234..30518.267 rows=1148653 loops=1)
                           Hash Cond: (orders.o_custkey = customer.c_custkey)
                           Buffers: shared hit=723858 read=641952 dirtied=1 written=84
                           ->  Hash Join  (cost=277305.69..2170715.37 rows=569569 width=12) (actual time=6721.208..28174.575 rows=1148653 loops=1)
                                 Hash Cond: (lineitem.l_orderkey = orders.o_orderkey)
                                 Buffers: shared hit=695286 read=635246 dirtied=1 written=83
                                 ->  Seq Scan on lineitem  (cost=0.00..1831523.48 rows=14984138 width=12) (actual time=0.013..17857.924 rows=14822845 loops=1)
                                       Filter: (l_returnflag = 'R'::bpchar)
                                       Rows Removed by Filter: 45221237
                                       Buffers: shared hit=506405 read=568568 dirtied=1
                                 ->  Hash  (cost=270114.40..270114.40 rows=575303 width=8) (actual time=6716.224..6716.224 rows=574178 loops=1)
                                       Buckets: 1048576  Batches: 1  Memory Usage: 30621kB
                                       Buffers: shared hit=188881 read=66678 written=83
                                       ->  Bitmap Heap Scan on orders  (cost=5936.86..270114.40 rows=575303 width=8) (actual time=27.534..6470.701 rows=574178 loops=1)
                                             Recheck Cond: ((o_orderdate >= '1993-05-01'::date) AND (o_orderdate < '1993-08-01'::date))
                                             Rows Removed by Index Recheck: 14440822
                                             Heap Blocks: lossy=255548
                                             Buffers: shared hit=188881 read=66678 written=83
                                             ->  Bitmap Index Scan on orders_o_orderkey_o_orderdate_brin_idx  (cost=0.00..5793.03 rows=575303 width=0) (actual time=27.343..27.343 rows=2556160 loops=1)
                                                   Index Cond: ((o_orderdate >= '1993-05-01'::date) AND (o_orderdate < '1993-08-01'::date))
                                                   Buffers: shared hit=11
                           ->  Hash  (cost=50278.00..50278.00 rows=1500000 width=145) (actual time=1473.791..1473.791 rows=1500000 loops=1)
                                 Buckets: 2097152  Batches: 1  Memory Usage: 281501kB
                                 Buffers: shared hit=28572 read=6706 written=1
                                 ->  Seq Scan on customer  (cost=0.00..50278.00 rows=1500000 width=145) (actual time=0.010..629.494 rows=1500000 loops=1)
                                       Buffers: shared hit=28572 read=6706 written=1
                     ->  Hash  (cost=1.25..1.25 rows=25 width=30) (actual time=0.019..0.019 rows=25 loops=1)
                           Buckets: 1024  Batches: 1  Memory Usage: 10kB
                           Buffers: shared hit=1
                           ->  Seq Scan on nation  (cost=0.00..1.25 rows=25 width=30) (actual time=0.004..0.007 rows=25 loops=1)
                                 Buffers: shared hit=1
 Planning time: 4.935 ms
 Execution time: 33395.335 ms
(45 rows)

COMMIT;
COMMIT
