BEGIN;
BEGIN
EXPLAIN (ANALYZE, BUFFERS)
select
	l_shipmode,
	sum(case
		when o_orderpriority = '1-URGENT'
			or o_orderpriority = '2-HIGH'
			then 1
		else 0
	end) as high_line_count,
	sum(case
		when o_orderpriority <> '1-URGENT'
			and o_orderpriority <> '2-HIGH'
			then 1
		else 0
	end) as low_line_count
from
	orders,
	lineitem
where
	o_orderkey = l_orderkey
	and l_shipmode in ('MAIL', 'FOB')
	and l_commitdate < l_receiptdate
	and l_shipdate < l_commitdate
	and l_receiptdate >= date '1994-01-01'
	and l_receiptdate < date '1994-01-01' + interval '1 year'
group by
	l_shipmode
order by
	l_shipmode;
                                                                                                                           QUERY PLAN                                                                                                                            
-----------------------------------------------------------------------------------------------------------------------------------------------------------------------------------------------------------------------------------------------------------------
 Sort  (cost=3040996.61..3040996.62 rows=1 width=27) (actual time=34846.103..34846.103 rows=2 loops=1)
   Sort Key: lineitem.l_shipmode
   Sort Method: quicksort  Memory: 25kB
   Buffers: shared hit=767643 read=560260 dirtied=367 written=2329
   ->  HashAggregate  (cost=3040996.60..3040996.60 rows=1 width=27) (actual time=34846.058..34846.058 rows=2 loops=1)
         Group Key: lineitem.l_shipmode
         Buffers: shared hit=767638 read=560260 dirtied=367 written=2329
         ->  Hash Join  (cost=594902.33..3035922.93 rows=289924 width=27) (actual time=9863.805..34520.580 rows=311072 loops=1)
               Hash Cond: (lineitem.l_orderkey = orders.o_orderkey)
               Buffers: shared hit=767638 read=560260 dirtied=367 written=2329
               ->  Seq Scan on lineitem  (cost=0.00..2431960.47 rows=289924 width=15) (actual time=0.126..24331.092 rows=311072 loops=1)
                     Filter: ((l_shipmode = ANY ('{MAIL,FOB}'::bpchar[])) AND (l_commitdate < l_receiptdate) AND (l_shipdate < l_commitdate) AND (l_receiptdate >= '1994-01-01'::date) AND (l_receiptdate < '1995-01-01 00:00:00'::timestamp without time zone))
                     Rows Removed by Filter: 59734238
                     Buffers: shared hit=599075 read=473779
               ->  Hash  (cost=406090.48..406090.48 rows=15104948 width=20) (actual time=9787.568..9787.568 rows=15015000 loops=1)
                     Buckets: 16777216  Batches: 1  Memory Usage: 893553kB
                     Buffers: shared hit=168560 read=86481 dirtied=367 written=2329
                     ->  Seq Scan on orders  (cost=0.00..406090.48 rows=15104948 width=20) (actual time=0.010..4774.171 rows=15015000 loops=1)
                           Buffers: shared hit=168560 read=86481 dirtied=367 written=2329
 Planning time: 2.436 ms
 Execution time: 34857.263 ms
(21 rows)

COMMIT;
COMMIT
