BEGIN;
BEGIN
EXPLAIN (ANALYZE, BUFFERS)
select
	s_name,
	count(*) as numwait
from
	supplier,
	lineitem l1,
	orders,
	nation
where
	s_suppkey = l1.l_suppkey
	and o_orderkey = l1.l_orderkey
	and o_orderstatus = 'F'
	and l1.l_receiptdate > l1.l_commitdate
	and exists (
		select
			*
		from
			lineitem l2
		where
			l2.l_orderkey = l1.l_orderkey
			and l2.l_suppkey <> l1.l_suppkey
	)
	and not exists (
		select
			*
		from
			lineitem l3
		where
			l3.l_orderkey = l1.l_orderkey
			and l3.l_suppkey <> l1.l_suppkey
			and l3.l_receiptdate > l3.l_commitdate
	)
	and s_nationkey = n_nationkey
	and n_name = 'ALGERIA'
group by
	s_name
order by
	numwait desc,
	s_name
LIMIT 100;
                                                                                                  QUERY PLAN                                                                                                  
--------------------------------------------------------------------------------------------------------------------------------------------------------------------------------------------------------------
 Limit  (cost=2843837.71..2843837.72 rows=1 width=26) (actual time=37169.780..37169.797 rows=100 loops=1)
   Buffers: shared hit=14025154 read=105532 dirtied=145 written=413
   ->  Sort  (cost=2843837.71..2843837.72 rows=1 width=26) (actual time=37169.779..37169.785 rows=100 loops=1)
         Sort Key: (count(*)), supplier.s_name
         Sort Method: top-N heapsort  Memory: 32kB
         Buffers: shared hit=14025154 read=105532 dirtied=145 written=413
         ->  HashAggregate  (cost=2843837.69..2843837.70 rows=1 width=26) (actual time=37167.568..37168.659 rows=3934 loops=1)
               Group Key: supplier.s_name
               Buffers: shared hit=14025146 read=105532 dirtied=145 written=413
               ->  Nested Loop Anti Join  (cost=2406.88..2843837.69 rows=1 width=26) (actual time=51.051..37116.528 rows=39113 loops=1)
                     Buffers: shared hit=14025146 read=105532 dirtied=145 written=413
                     ->  Nested Loop Semi Join  (cost=2406.31..2843835.91 rows=1 width=34) (actual time=50.968..34253.849 rows=694229 loops=1)
                           Join Filter: (orders.o_orderkey = l2.l_orderkey)
                           Buffers: shared hit=10539702 read=105163 dirtied=145 written=409
                           ->  Nested Loop  (cost=2405.75..2323804.50 rows=389226 width=38) (actual time=50.893..30124.841 rows=720499 loops=1)
                                 Buffers: shared hit=6950454 read=86523 dirtied=145 written=193
                                 ->  Hash Join  (cost=2405.31..1902506.79 rows=800334 width=34) (actual time=50.876..23062.571 rows=1490036 loops=1)
                                       Hash Cond: (l1.l_suppkey = supplier.s_suppkey)
                                       Buffers: shared hit=995467 read=73191 dirtied=145 written=100
                                       ->  Seq Scan on lineitem l1  (cost=0.00..1817041.30 rows=20015155 width=8) (actual time=0.003..16759.188 rows=37928797 loops=1)
                                             Filter: (l_receiptdate > l_commitdate)
                                             Rows Removed by Filter: 22056532
                                             Buffers: shared hit=993641 read=72832 dirtied=145 written=100
                                       ->  Hash  (cost=2355.31..2355.31 rows=4000 width=30) (actual time=50.821..50.821 rows=3934 loops=1)
                                             Buckets: 4096  Batches: 1  Memory Usage: 278kB
                                             Buffers: shared hit=1823 read=359
                                             ->  Nested Loop  (cost=43.00..2355.31 rows=4000 width=30) (actual time=0.276..49.469 rows=3934 loops=1)
                                                   Buffers: shared hit=1823 read=359
                                                   ->  Seq Scan on nation  (cost=0.00..1.31 rows=1 width=4) (actual time=0.003..0.009 rows=1 loops=1)
                                                         Filter: (n_name = 'ALGERIA'::bpchar)
                                                         Rows Removed by Filter: 24
                                                         Buffers: shared hit=1
                                                   ->  Bitmap Heap Scan on supplier  (cost=43.00..2314.00 rows=4000 width=34) (actual time=0.265..48.635 rows=3934 loops=1)
                                                         Recheck Cond: (s_nationkey = nation.n_nationkey)
                                                         Rows Removed by Index Recheck: 96066
                                                         Heap Blocks: lossy=2179
                                                         Buffers: shared hit=1822 read=359
                                                         ->  Bitmap Index Scan on supplier_s_nationkey_s_suppkey_brin_idx  (cost=0.00..42.00 rows=4000 width=0) (actual time=0.248..0.248 rows=23040 loops=1)
                                                               Index Cond: (s_nationkey = nation.n_nationkey)
                                                               Buffers: shared hit=2
                                 ->  Index Scan using pk_orders on orders  (cost=0.43..0.52 rows=1 width=4) (actual time=0.004..0.004 rows=0 loops=1490036)
                                       Index Cond: (o_orderkey = l1.l_orderkey)
                                       Filter: (o_orderstatus = 'F'::bpchar)
                                       Rows Removed by Filter: 1
                                       Buffers: shared hit=5954987 read=13332 written=93
                           ->  Index Scan using pk_lineitem on lineitem l2  (cost=0.56..1.15 rows=15 width=8) (actual time=0.005..0.005 rows=1 loops=720499)
                                 Index Cond: (l_orderkey = l1.l_orderkey)
                                 Filter: (l_suppkey <> l1.l_suppkey)
                                 Rows Removed by Filter: 0
                                 Buffers: shared hit=3589248 read=18640 written=216
                     ->  Index Scan using pk_lineitem on lineitem l3  (cost=0.56..1.15 rows=5 width=8) (actual time=0.004..0.004 rows=1 loops=694229)
                           Index Cond: (l_orderkey = l1.l_orderkey)
                           Filter: ((l_receiptdate > l_commitdate) AND (l_suppkey <> l1.l_suppkey))
                           Rows Removed by Filter: 1
                           Buffers: shared hit=3485444 read=369 written=4
 Planning time: 8.081 ms
 Execution time: 37170.072 ms
(57 rows)

COMMIT;
COMMIT
