BEGIN;
BEGIN
EXPLAIN (ANALYZE, BUFFERS)
select
	c_custkey,
	c_name,
	sum(l_extendedprice * (1 - l_discount)) as revenue,
	c_acctbal,
	n_name,
	c_address,
	c_phone,
	c_comment
from
	customer,
	orders,
	lineitem,
	nation
where
	c_custkey = o_custkey
	and l_orderkey = o_orderkey
	and o_orderdate >= date '1993-03-01'
	and o_orderdate < cast(date '1993-03-01' + interval '3 month' as date)
	and l_returnflag = 'R'
	and c_nationkey = n_nationkey
group by
	c_custkey,
	c_name,
	c_acctbal,
	c_phone,
	n_name,
	c_address,
	c_comment
order by
	revenue desc
LIMIT 20;
                                                                                               QUERY PLAN                                                                                                
---------------------------------------------------------------------------------------------------------------------------------------------------------------------------------------------------------
 Limit  (cost=2273881.06..2273881.11 rows=20 width=175) (actual time=32942.528..32942.535 rows=20 loops=1)
   Buffers: shared hit=1191195 read=164093 dirtied=252 written=850
   ->  Sort  (cost=2273881.06..2275298.17 rows=566847 width=175) (actual time=32942.525..32942.532 rows=20 loops=1)
         Sort Key: (sum((lineitem.l_extendedprice * (1::double precision - lineitem.l_discount))))
         Sort Method: top-N heapsort  Memory: 30kB
         Buffers: shared hit=1191195 read=164093 dirtied=252 written=850
         ->  HashAggregate  (cost=2253128.99..2258797.46 rows=566847 width=175) (actual time=32600.751..32804.079 rows=381945 loops=1)
               Group Key: customer.c_custkey, customer.c_name, customer.c_acctbal, customer.c_phone, nation.n_name, customer.c_address, customer.c_comment
               Buffers: shared hit=1191192 read=164093 dirtied=252 written=850
               ->  Hash Join  (cost=344204.99..2238957.82 rows=566847 width=175) (actual time=10274.618..30705.908 rows=1148184 loops=1)
                     Hash Cond: (customer.c_nationkey = nation.n_nationkey)
                     Buffers: shared hit=1191192 read=164093 dirtied=252 written=850
                     ->  Hash Join  (cost=344203.42..2231162.11 rows=566847 width=153) (actual time=10274.588..30300.216 rows=1148184 loops=1)
                           Hash Cond: (orders.o_custkey = customer.c_custkey)
                           Buffers: shared hit=1191191 read=164093 dirtied=252 written=850
                           ->  Hash Join  (cost=275175.42..2153631.40 rows=566847 width=12) (actual time=8921.112..28130.449 rows=1148184 loops=1)
                                 Hash Cond: (lineitem.l_orderkey = orders.o_orderkey)
                                 Buffers: shared hit=1156502 read=163504 dirtied=252 written=850
                                 ->  Seq Scan on lineitem  (cost=0.00..1817041.30 rows=14865656 width=12) (actual time=0.009..16080.178 rows=14808323 loops=1)
                                       Filter: (l_returnflag = 'R'::bpchar)
                                       Rows Removed by Filter: 45177006
                                       Buffers: shared hit=1027808 read=38665 written=2
                                 ->  Hash  (cost=268018.66..268018.66 rows=572541 width=8) (actual time=8916.565..8916.565 rows=573365 loops=1)
                                       Buckets: 1048576  Batches: 1  Memory Usage: 30590kB
                                       Buffers: shared hit=128694 read=124839 dirtied=252 written=848
                                       ->  Bitmap Heap Scan on orders  (cost=5908.55..268018.66 rows=572541 width=8) (actual time=30.445..8677.814 rows=573365 loops=1)
                                             Recheck Cond: ((o_orderdate >= '1993-03-01'::date) AND (o_orderdate < '1993-06-01'::date))
                                             Rows Removed by Index Recheck: 14426635
                                             Heap Blocks: lossy=253522
                                             Buffers: shared hit=128694 read=124839 dirtied=252 written=848
                                             ->  Bitmap Index Scan on orders_o_orderkey_o_orderdate_brin_idx  (cost=0.00..5765.41 rows=572541 width=0) (actual time=30.277..30.277 rows=2535680 loops=1)
                                                   Index Cond: ((o_orderdate >= '1993-03-01'::date) AND (o_orderdate < '1993-06-01'::date))
                                                   Buffers: shared hit=2 read=9
                           ->  Hash  (cost=50278.00..50278.00 rows=1500000 width=145) (actual time=1345.085..1345.085 rows=1500000 loops=1)
                                 Buckets: 2097152  Batches: 1  Memory Usage: 281501kB
                                 Buffers: shared hit=34689 read=589
                                 ->  Seq Scan on customer  (cost=0.00..50278.00 rows=1500000 width=145) (actual time=0.009..529.325 rows=1500000 loops=1)
                                       Buffers: shared hit=34689 read=589
                     ->  Hash  (cost=1.25..1.25 rows=25 width=30) (actual time=0.017..0.017 rows=25 loops=1)
                           Buckets: 1024  Batches: 1  Memory Usage: 10kB
                           Buffers: shared hit=1
                           ->  Seq Scan on nation  (cost=0.00..1.25 rows=25 width=30) (actual time=0.004..0.006 rows=25 loops=1)
                                 Buffers: shared hit=1
 Planning time: 3.076 ms
 Execution time: 32955.450 ms
(45 rows)

COMMIT;
COMMIT
