BEGIN;
BEGIN
EXPLAIN (ANALYZE, BUFFERS)
select
	l_shipmode,
	sum(case
		when o_orderpriority = '1-URGENT'
			or o_orderpriority = '2-HIGH'
			then 1
		else 0
	end) as high_line_count,
	sum(case
		when o_orderpriority <> '1-URGENT'
			and o_orderpriority <> '2-HIGH'
			then 1
		else 0
	end) as low_line_count
from
	orders,
	lineitem
where
	o_orderkey = l_orderkey
	and l_shipmode in ('FOB', 'REG AIR')
	and l_commitdate < l_receiptdate
	and l_shipdate < l_commitdate
	and l_receiptdate >= date '1995-01-01'
	and l_receiptdate < date '1995-01-01' + interval '1 year'
group by
	l_shipmode
order by
	l_shipmode;
                                                                                                                              QUERY PLAN                                                                                                                              
----------------------------------------------------------------------------------------------------------------------------------------------------------------------------------------------------------------------------------------------------------------------
 Sort  (cost=3053107.90..3053107.91 rows=1 width=27) (actual time=33667.268..33667.268 rows=2 loops=1)
   Sort Key: lineitem.l_shipmode
   Sort Method: quicksort  Memory: 25kB
   Buffers: shared hit=1102158 read=231021 dirtied=253 written=37
   ->  HashAggregate  (cost=3053107.88..3053107.89 rows=1 width=27) (actual time=33667.217..33667.219 rows=2 loops=1)
         Group Key: lineitem.l_shipmode
         Buffers: shared hit=1102153 read=231021 dirtied=253 written=37
         ->  Hash Join  (cost=597265.22..3048003.71 rows=291667 width=27) (actual time=9773.355..33369.990 rows=312873 loops=1)
               Hash Cond: (lineitem.l_orderkey = orders.o_orderkey)
               Buffers: shared hit=1102153 read=231021 dirtied=253 written=37
               ->  Seq Scan on lineitem  (cost=0.00..2441623.90 rows=291667 width=15) (actual time=0.085..23303.976 rows=312873 loops=1)
                     Filter: ((l_shipmode = ANY ('{FOB,"REG AIR"}'::bpchar[])) AND (l_commitdate < l_receiptdate) AND (l_shipdate < l_commitdate) AND (l_receiptdate >= '1995-01-01'::date) AND (l_receiptdate < '1996-01-01 00:00:00'::timestamp without time zone))
                     Rows Removed by Filter: 59731999
                     Buffers: shared hit=894909 read=182208
               ->  Hash  (cost=407703.43..407703.43 rows=15164943 width=20) (actual time=9703.521..9703.521 rows=15015000 loops=1)
                     Buckets: 16777216  Batches: 1  Memory Usage: 893553kB
                     Buffers: shared hit=207241 read=48813 dirtied=253 written=37
                     ->  Seq Scan on orders  (cost=0.00..407703.43 rows=15164943 width=20) (actual time=0.012..4726.629 rows=15015000 loops=1)
                           Buffers: shared hit=207241 read=48813 dirtied=253 written=37
 Planning time: 2.175 ms
 Execution time: 33671.926 ms
(21 rows)

COMMIT;
COMMIT
