BEGIN;
BEGIN
EXPLAIN (ANALYZE, BUFFERS)
select
	c_custkey,
	c_name,
	sum(l_extendedprice * (1 - l_discount)) as revenue,
	c_acctbal,
	n_name,
	c_address,
	c_phone,
	c_comment
from
	customer,
	orders,
	lineitem,
	nation
where
	c_custkey = o_custkey
	and l_orderkey = o_orderkey
	and o_orderdate >= date '1994-03-01'
	and o_orderdate < cast(date '1994-03-01' + interval '3 month' as date)
	and l_returnflag = 'R'
	and c_nationkey = n_nationkey
group by
	c_custkey,
	c_name,
	c_acctbal,
	c_phone,
	n_name,
	c_address,
	c_comment
order by
	revenue desc
LIMIT 20;
                                                                                               QUERY PLAN                                                                                                
---------------------------------------------------------------------------------------------------------------------------------------------------------------------------------------------------------
 Limit  (cost=2294820.02..2294820.07 rows=20 width=175) (actual time=32763.654..32763.660 rows=20 loops=1)
   Buffers: shared hit=684631 read=682507 written=4867
   ->  Sort  (cost=2294820.02..2296270.58 rows=580223 width=175) (actual time=32763.652..32763.654 rows=20 loops=1)
         Sort Key: (sum((lineitem.l_extendedprice * (1::double precision - lineitem.l_discount))))
         Sort Method: top-N heapsort  Memory: 30kB
         Buffers: shared hit=684631 read=682507 written=4867
         ->  HashAggregate  (cost=2273578.27..2279380.50 rows=580223 width=175) (actual time=32415.835..32625.132 rows=381190 loops=1)
               Group Key: customer.c_custkey, customer.c_name, customer.c_acctbal, customer.c_phone, nation.n_name, customer.c_address, customer.c_comment
               Buffers: shared hit=684628 read=682507 written=4867
               ->  Hash Join  (cost=346994.33..2259072.69 rows=580223 width=175) (actual time=7730.850..30369.341 rows=1147833 loops=1)
                     Hash Cond: (customer.c_nationkey = nation.n_nationkey)
                     Buffers: shared hit=684628 read=682507 written=4867
                     ->  Hash Join  (cost=346992.77..2251093.07 rows=580223 width=153) (actual time=7730.821..29937.634 rows=1147833 loops=1)
                           Hash Cond: (orders.o_custkey = customer.c_custkey)
                           Buffers: shared hit=684627 read=682507 written=4867
                           ->  Hash Join  (cost=277964.77..2173361.72 rows=580223 width=12) (actual time=6393.101..27859.902 rows=1147833 loops=1)
                                 Hash Cond: (lineitem.l_orderkey = orders.o_orderkey)
                                 Buffers: shared hit=649349 read=682507 written=4867
                                 ->  Seq Scan on lineitem  (cost=0.00..1833348.23 rows=14999066 width=12) (actual time=0.063..18112.108 rows=14808082 loops=1)
                                       Filter: (l_returnflag = 'R'::bpchar)
                                       Rows Removed by Filter: 45176302
                                       Buffers: shared hit=437154 read=638890
                                 ->  Hash  (cost=270639.02..270639.02 rows=586060 width=8) (actual time=6388.506..6388.506 rows=573186 loops=1)
                                       Buckets: 1048576  Batches: 1  Memory Usage: 30583kB
                                       Buffers: shared hit=212195 read=43617 written=4867
                                       ->  Bitmap Heap Scan on orders  (cost=6047.12..270639.02 rows=586060 width=8) (actual time=29.436..6169.922 rows=573186 loops=1)
                                             Recheck Cond: ((o_orderdate >= '1994-03-01'::date) AND (o_orderdate < '1994-06-01'::date))
                                             Rows Removed by Index Recheck: 14426814
                                             Heap Blocks: lossy=255801
                                             Buffers: shared hit=212195 read=43617 written=4867
                                             ->  Bitmap Index Scan on orders_o_orderkey_o_orderdate_brin_idx  (cost=0.00..5900.60 rows=586060 width=0) (actual time=29.271..29.271 rows=2558720 loops=1)
                                                   Index Cond: ((o_orderdate >= '1994-03-01'::date) AND (o_orderdate < '1994-06-01'::date))
                                                   Buffers: shared hit=11
                           ->  Hash  (cost=50278.00..50278.00 rows=1500000 width=145) (actual time=1327.628..1327.628 rows=1500000 loops=1)
                                 Buckets: 2097152  Batches: 1  Memory Usage: 281501kB
                                 Buffers: shared hit=35278
                                 ->  Seq Scan on customer  (cost=0.00..50278.00 rows=1500000 width=145) (actual time=0.009..528.269 rows=1500000 loops=1)
                                       Buffers: shared hit=35278
                     ->  Hash  (cost=1.25..1.25 rows=25 width=30) (actual time=0.019..0.019 rows=25 loops=1)
                           Buckets: 1024  Batches: 1  Memory Usage: 10kB
                           Buffers: shared hit=1
                           ->  Seq Scan on nation  (cost=0.00..1.25 rows=25 width=30) (actual time=0.005..0.007 rows=25 loops=1)
                                 Buffers: shared hit=1
 Planning time: 3.589 ms
 Execution time: 32781.035 ms
(45 rows)

COMMIT;
COMMIT
