BEGIN;
BEGIN
EXPLAIN (ANALYZE, BUFFERS)
select
	s_name,
	count(*) as numwait
from
	supplier,
	lineitem l1,
	orders,
	nation
where
	s_suppkey = l1.l_suppkey
	and o_orderkey = l1.l_orderkey
	and o_orderstatus = 'F'
	and l1.l_receiptdate > l1.l_commitdate
	and exists (
		select
			*
		from
			lineitem l2
		where
			l2.l_orderkey = l1.l_orderkey
			and l2.l_suppkey <> l1.l_suppkey
	)
	and not exists (
		select
			*
		from
			lineitem l3
		where
			l3.l_orderkey = l1.l_orderkey
			and l3.l_suppkey <> l1.l_suppkey
			and l3.l_receiptdate > l3.l_commitdate
	)
	and s_nationkey = n_nationkey
	and n_name = 'ETHIOPIA'
group by
	s_name
order by
	numwait desc,
	s_name
LIMIT 100;
                                                                                                  QUERY PLAN                                                                                                  
--------------------------------------------------------------------------------------------------------------------------------------------------------------------------------------------------------------
 Limit  (cost=2869494.77..2869494.77 rows=1 width=26) (actual time=41048.183..41048.201 rows=100 loops=1)
   Buffers: shared hit=13359209 read=838749 written=644
   ->  Sort  (cost=2869494.77..2869494.77 rows=1 width=26) (actual time=41048.182..41048.189 rows=100 loops=1)
         Sort Key: (count(*)), supplier.s_name
         Sort Method: top-N heapsort  Memory: 32kB
         Buffers: shared hit=13359209 read=838749 written=644
         ->  HashAggregate  (cost=2869494.75..2869494.76 rows=1 width=26) (actual time=41046.042..41047.055 rows=3945 loops=1)
               Group Key: supplier.s_name
               Buffers: shared hit=13359201 read=838749 written=644
               ->  Nested Loop Anti Join  (cost=2406.88..2869494.74 rows=1 width=26) (actual time=32.431..40997.442 rows=38986 loops=1)
                     Buffers: shared hit=13359201 read=838749 written=644
                     ->  Nested Loop Semi Join  (cost=2406.31..2869492.96 rows=1 width=34) (actual time=31.761..38198.392 rows=697440 loops=1)
                           Join Filter: (orders.o_orderkey = l2.l_orderkey)
                           Buffers: shared hit=9859806 read=835874 written=622
                           ->  Nested Loop  (cost=2405.75..2344697.96 rows=392720 width=38) (actual time=31.723..33296.697 rows=723601 loops=1)
                                 Buffers: shared hit=6383448 read=688633 written=214
                                 ->  Hash Join  (cost=2405.31..1919559.13 rows=807517 width=34) (actual time=31.677..25806.177 rows=1496439 loops=1)
                                       Hash Cond: (l1.l_suppkey = supplier.s_suppkey)
                                       Buffers: shared hit=428516 read=649713 written=121
                                       ->  Seq Scan on lineitem l1  (cost=0.00..1833348.23 rows=20194779 width=8) (actual time=0.015..19173.659 rows=37965313 loops=1)
                                             Filter: (l_receiptdate > l_commitdate)
                                             Rows Removed by Filter: 22078863
                                             Buffers: shared hit=426333 read=649711 written=121
                                       ->  Hash  (cost=2355.31..2355.31 rows=4000 width=30) (actual time=31.625..31.625 rows=3945 loops=1)
                                             Buckets: 4096  Batches: 1  Memory Usage: 279kB
                                             Buffers: shared hit=2180 read=2
                                             ->  Nested Loop  (cost=43.00..2355.31 rows=4000 width=30) (actual time=0.316..30.506 rows=3945 loops=1)
                                                   Buffers: shared hit=2180 read=2
                                                   ->  Seq Scan on nation  (cost=0.00..1.31 rows=1 width=4) (actual time=0.006..0.012 rows=1 loops=1)
                                                         Filter: (n_name = 'ETHIOPIA'::bpchar)
                                                         Rows Removed by Filter: 24
                                                         Buffers: shared hit=1
                                                   ->  Bitmap Heap Scan on supplier  (cost=43.00..2314.00 rows=4000 width=34) (actual time=0.303..29.825 rows=3945 loops=1)
                                                         Recheck Cond: (s_nationkey = nation.n_nationkey)
                                                         Rows Removed by Index Recheck: 96055
                                                         Heap Blocks: lossy=2179
                                                         Buffers: shared hit=2179 read=2
                                                         ->  Bitmap Index Scan on supplier_s_nationkey_s_suppkey_brin_idx  (cost=0.00..42.00 rows=4000 width=0) (actual time=0.290..0.290 rows=23040 loops=1)
                                                               Index Cond: (s_nationkey = nation.n_nationkey)
                                                               Buffers: shared read=2
                                 ->  Index Scan using pk_orders on orders  (cost=0.43..0.52 rows=1 width=4) (actual time=0.004..0.004 rows=0 loops=1496439)
                                       Index Cond: (o_orderkey = l1.l_orderkey)
                                       Filter: (o_orderstatus = 'F'::bpchar)
                                       Rows Removed by Filter: 1
                                       Buffers: shared hit=5954932 read=38920 written=93
                           ->  Index Scan using pk_lineitem on lineitem l2  (cost=0.56..1.15 rows=15 width=8) (actual time=0.006..0.006 rows=1 loops=723601)
                                 Index Cond: (l_orderkey = l1.l_orderkey)
                                 Filter: (l_suppkey <> l1.l_suppkey)
                                 Rows Removed by Filter: 0
                                 Buffers: shared hit=3476358 read=147241 written=408
                     ->  Index Scan using pk_lineitem on lineitem l3  (cost=0.56..1.15 rows=5 width=8) (actual time=0.004..0.004 rows=1 loops=697440)
                           Index Cond: (l_orderkey = l1.l_orderkey)
                           Filter: ((l_receiptdate > l_commitdate) AND (l_suppkey <> l1.l_suppkey))
                           Rows Removed by Filter: 1
                           Buffers: shared hit=3499395 read=2875 written=22
 Planning time: 9.054 ms
 Execution time: 41048.528 ms
(57 rows)

COMMIT;
COMMIT
