BEGIN;
BEGIN
EXPLAIN (ANALYZE, BUFFERS)
select
	l_shipmode,
	sum(case
		when o_orderpriority = '1-URGENT'
			or o_orderpriority = '2-HIGH'
			then 1
		else 0
	end) as high_line_count,
	sum(case
		when o_orderpriority <> '1-URGENT'
			and o_orderpriority <> '2-HIGH'
			then 1
		else 0
	end) as low_line_count
from
	orders,
	lineitem
where
	o_orderkey = l_orderkey
	and l_shipmode in ('SHIP', 'TRUCK')
	and l_commitdate < l_receiptdate
	and l_shipdate < l_commitdate
	and l_receiptdate >= date '1993-01-01'
	and l_receiptdate < date '1993-01-01' + interval '1 year'
group by
	l_shipmode
order by
	l_shipmode;
                                                                                                                            QUERY PLAN                                                                                                                             
-------------------------------------------------------------------------------------------------------------------------------------------------------------------------------------------------------------------------------------------------------------------
 Sort  (cost=3056262.45..3056262.46 rows=1 width=27) (actual time=33716.964..33716.964 rows=2 loops=1)
   Sort Key: lineitem.l_shipmode
   Sort Method: quicksort  Memory: 25kB
   Buffers: shared hit=942198 read=392303 written=264
   ->  HashAggregate  (cost=3056262.43..3056262.44 rows=1 width=27) (actual time=33716.916..33716.916 rows=2 loops=1)
         Group Key: lineitem.l_shipmode
         Buffers: shared hit=942193 read=392303 written=264
         ->  Hash Join  (cost=597855.36..3051107.58 rows=294563 width=27) (actual time=9640.478..33410.853 rows=313231 loops=1)
               Hash Cond: (lineitem.l_orderkey = orders.o_orderkey)
               Buffers: shared hit=942193 read=392303 written=264
               ->  Seq Scan on lineitem  (cost=0.00..2444047.13 rows=294563 width=15) (actual time=0.135..23453.331 rows=313231 loops=1)
                     Filter: ((l_shipmode = ANY ('{SHIP,TRUCK}'::bpchar[])) AND (l_commitdate < l_receiptdate) AND (l_shipdate < l_commitdate) AND (l_receiptdate >= '1993-01-01'::date) AND (l_receiptdate < '1994-01-01 00:00:00'::timestamp without time zone))
                     Rows Removed by Filter: 59731763
                     Buffers: shared hit=762529 read=315657 written=3
               ->  Hash  (cost=408106.27..408106.27 rows=15179927 width=20) (actual time=9594.265..9594.265 rows=15015000 loops=1)
                     Buckets: 16777216  Batches: 1  Memory Usage: 893553kB
                     Buffers: shared hit=179661 read=76646 written=261
                     ->  Seq Scan on orders  (cost=0.00..408106.27 rows=15179927 width=20) (actual time=0.011..4832.080 rows=15015000 loops=1)
                           Buffers: shared hit=179661 read=76646 written=261
 Planning time: 2.992 ms
 Execution time: 33721.847 ms
(21 rows)

COMMIT;
COMMIT
