BEGIN;
BEGIN
EXPLAIN (ANALYZE, BUFFERS)
select
	s_name,
	count(*) as numwait
from
	supplier,
	lineitem l1,
	orders,
	nation
where
	s_suppkey = l1.l_suppkey
	and o_orderkey = l1.l_orderkey
	and o_orderstatus = 'F'
	and l1.l_receiptdate > l1.l_commitdate
	and exists (
		select
			*
		from
			lineitem l2
		where
			l2.l_orderkey = l1.l_orderkey
			and l2.l_suppkey <> l1.l_suppkey
	)
	and not exists (
		select
			*
		from
			lineitem l3
		where
			l3.l_orderkey = l1.l_orderkey
			and l3.l_suppkey <> l1.l_suppkey
			and l3.l_receiptdate > l3.l_commitdate
	)
	and s_nationkey = n_nationkey
	and n_name = 'ROMANIA'
group by
	s_name
order by
	numwait desc,
	s_name
LIMIT 100;
                                                                                                  QUERY PLAN                                                                                                  
--------------------------------------------------------------------------------------------------------------------------------------------------------------------------------------------------------------
 Limit  (cost=2843837.71..2843837.72 rows=1 width=26) (actual time=38112.708..38112.725 rows=100 loops=1)
   Buffers: shared hit=14366809 read=87475 dirtied=242 written=445
   ->  Sort  (cost=2843837.71..2843837.72 rows=1 width=26) (actual time=38112.707..38112.713 rows=100 loops=1)
         Sort Key: (count(*)), supplier.s_name
         Sort Method: top-N heapsort  Memory: 32kB
         Buffers: shared hit=14366809 read=87475 dirtied=242 written=445
         ->  HashAggregate  (cost=2843837.69..2843837.70 rows=1 width=26) (actual time=38110.280..38111.570 rows=4029 loops=1)
               Group Key: supplier.s_name
               Buffers: shared hit=14366801 read=87475 dirtied=242 written=445
               ->  Nested Loop Anti Join  (cost=2406.88..2843837.69 rows=1 width=26) (actual time=61.216..38055.535 rows=39697 loops=1)
                     Buffers: shared hit=14366801 read=87475 dirtied=242 written=445
                     ->  Nested Loop Semi Join  (cost=2406.31..2843835.91 rows=1 width=34) (actual time=58.717..35141.538 rows=711401 loops=1)
                           Join Filter: (orders.o_orderkey = l2.l_orderkey)
                           Buffers: shared hit=10794842 read=87204 dirtied=242 written=442
                           ->  Nested Loop  (cost=2405.75..2323804.50 rows=389226 width=38) (actual time=58.704..30938.244 rows=737941 loops=1)
                                 Buffers: shared hit=7111015 read=75727 dirtied=242 written=222
                                 ->  Hash Join  (cost=2405.31..1902506.79 rows=800334 width=34) (actual time=58.488..23834.215 rows=1527418 loops=1)
                                       Hash Cond: (l1.l_suppkey = supplier.s_suppkey)
                                       Buffers: shared hit=1000603 read=68055 dirtied=241 written=139
                                       ->  Seq Scan on lineitem l1  (cost=0.00..1817041.30 rows=20015155 width=8) (actual time=0.004..17255.834 rows=37928797 loops=1)
                                             Filter: (l_receiptdate > l_commitdate)
                                             Rows Removed by Filter: 22056532
                                             Buffers: shared hit=999603 read=66870 dirtied=241 written=139
                                       ->  Hash  (cost=2355.31..2355.31 rows=4000 width=30) (actual time=58.443..58.443 rows=4029 loops=1)
                                             Buckets: 4096  Batches: 1  Memory Usage: 284kB
                                             Buffers: shared hit=997 read=1185
                                             ->  Nested Loop  (cost=43.00..2355.31 rows=4000 width=30) (actual time=0.294..56.895 rows=4029 loops=1)
                                                   Buffers: shared hit=997 read=1185
                                                   ->  Seq Scan on nation  (cost=0.00..1.31 rows=1 width=4) (actual time=0.007..0.010 rows=1 loops=1)
                                                         Filter: (n_name = 'ROMANIA'::bpchar)
                                                         Rows Removed by Filter: 24
                                                         Buffers: shared hit=1
                                                   ->  Bitmap Heap Scan on supplier  (cost=43.00..2314.00 rows=4000 width=34) (actual time=0.280..55.959 rows=4029 loops=1)
                                                         Recheck Cond: (s_nationkey = nation.n_nationkey)
                                                         Rows Removed by Index Recheck: 95971
                                                         Heap Blocks: lossy=2179
                                                         Buffers: shared hit=996 read=1185
                                                         ->  Bitmap Index Scan on supplier_s_nationkey_s_suppkey_brin_idx  (cost=0.00..42.00 rows=4000 width=0) (actual time=0.257..0.257 rows=23040 loops=1)
                                                               Index Cond: (s_nationkey = nation.n_nationkey)
                                                               Buffers: shared read=2
                                 ->  Index Scan using pk_orders on orders  (cost=0.43..0.52 rows=1 width=4) (actual time=0.004..0.004 rows=0 loops=1527418)
                                       Index Cond: (o_orderkey = l1.l_orderkey)
                                       Filter: (o_orderstatus = 'F'::bpchar)
                                       Rows Removed by Filter: 1
                                       Buffers: shared hit=6110412 read=7672 dirtied=1 written=83
                           ->  Index Scan using pk_lineitem on lineitem l2  (cost=0.56..1.15 rows=15 width=8) (actual time=0.005..0.005 rows=1 loops=737941)
                                 Index Cond: (l_orderkey = l1.l_orderkey)
                                 Filter: (l_suppkey <> l1.l_suppkey)
                                 Rows Removed by Filter: 0
                                 Buffers: shared hit=3683827 read=11477 written=220
                     ->  Index Scan using pk_lineitem on lineitem l3  (cost=0.56..1.15 rows=5 width=8) (actual time=0.004..0.004 rows=1 loops=711401)
                           Index Cond: (l_orderkey = l1.l_orderkey)
                           Filter: ((l_receiptdate > l_commitdate) AND (l_suppkey <> l1.l_suppkey))
                           Rows Removed by Filter: 1
                           Buffers: shared hit=3571959 read=271 written=3
 Planning time: 9.292 ms
 Execution time: 38113.042 ms
(57 rows)

COMMIT;
COMMIT
