BEGIN;
BEGIN
EXPLAIN (ANALYZE, BUFFERS)
select
	c_custkey,
	c_name,
	sum(l_extendedprice * (1 - l_discount)) as revenue,
	c_acctbal,
	n_name,
	c_address,
	c_phone,
	c_comment
from
	customer,
	orders,
	lineitem,
	nation
where
	c_custkey = o_custkey
	and l_orderkey = o_orderkey
	and o_orderdate >= date '1994-09-01'
	and o_orderdate < cast(date '1994-09-01' + interval '3 month' as date)
	and l_returnflag = 'R'
	and c_nationkey = n_nationkey
group by
	c_custkey,
	c_name,
	c_acctbal,
	c_phone,
	n_name,
	c_address,
	c_comment
order by
	revenue desc
LIMIT 20;
                                                                                               QUERY PLAN                                                                                                
---------------------------------------------------------------------------------------------------------------------------------------------------------------------------------------------------------
 Limit  (cost=2297061.83..2297061.88 rows=20 width=175) (actual time=31200.938..31200.942 rows=20 loops=1)
   Buffers: shared hit=861082 read=508704 dirtied=856 written=523
   ->  Sort  (cost=2297061.83..2298475.83 rows=565598 width=175) (actual time=31200.936..31200.938 rows=20 loops=1)
         Sort Key: (sum((lineitem.l_extendedprice * (1::double precision - lineitem.l_discount))))
         Sort Method: top-N heapsort  Memory: 30kB
         Buffers: shared hit=861082 read=508704 dirtied=856 written=523
         ->  HashAggregate  (cost=2276355.49..2282011.47 rows=565598 width=175) (actual time=30833.444..31063.374 rows=378825 loops=1)
               Group Key: customer.c_custkey, customer.c_name, customer.c_acctbal, customer.c_phone, nation.n_name, customer.c_address, customer.c_comment
               Buffers: shared hit=861079 read=508704 dirtied=856 written=523
               ->  Hash Join  (cost=346942.42..2262215.54 rows=565598 width=175) (actual time=6943.123..28860.322 rows=1136858 loops=1)
                     Hash Cond: (customer.c_nationkey = nation.n_nationkey)
                     Buffers: shared hit=861079 read=508704 dirtied=856 written=523
                     ->  Hash Join  (cost=346940.85..2254437.01 rows=565598 width=153) (actual time=6943.094..28442.413 rows=1136858 loops=1)
                           Hash Cond: (orders.o_custkey = customer.c_custkey)
                           Buffers: shared hit=861078 read=508704 dirtied=856 written=523
                           ->  Hash Join  (cost=277912.85..2176925.04 rows=565598 width=12) (actual time=5445.333..26238.674 rows=1136858 loops=1)
                                 Hash Cond: (lineitem.l_orderkey = orders.o_orderkey)
                                 Buffers: shared hit=825911 read=508593 dirtied=856 written=523
                                 ->  Seq Scan on lineitem  (cost=0.00..1836997.74 rows=15028924 width=12) (actual time=0.015..17497.681 rows=14822519 loops=1)
                                       Filter: (l_returnflag = 'R'::bpchar)
                                       Rows Removed by Filter: 45222475
                                       Buffers: shared hit=602958 read=475228 dirtied=603 written=421
                                 ->  Hash  (cost=270771.84..270771.84 rows=571281 width=8) (actual time=5440.593..5440.593 rows=568317 loops=1)
                                       Buckets: 1048576  Batches: 1  Memory Usage: 30392kB
                                       Buffers: shared hit=222953 read=33365 dirtied=253 written=102
                                       ->  Bitmap Heap Scan on orders  (cost=5895.63..270771.84 rows=571281 width=8) (actual time=27.762..5231.896 rows=568317 loops=1)
                                             Recheck Cond: ((o_orderdate >= '1994-09-01'::date) AND (o_orderdate < '1994-12-01'::date))
                                             Rows Removed by Index Recheck: 14446683
                                             Heap Blocks: lossy=256307
                                             Buffers: shared hit=222953 read=33365 dirtied=253 written=102
                                             ->  Bitmap Index Scan on orders_o_orderkey_o_orderdate_brin_idx  (cost=0.00..5752.81 rows=571281 width=0) (actual time=27.586..27.586 rows=2563840 loops=1)
                                                   Index Cond: ((o_orderdate >= '1994-09-01'::date) AND (o_orderdate < '1994-12-01'::date))
                                                   Buffers: shared hit=2 read=9
                           ->  Hash  (cost=50278.00..50278.00 rows=1500000 width=145) (actual time=1487.260..1487.260 rows=1500000 loops=1)
                                 Buckets: 2097152  Batches: 1  Memory Usage: 281501kB
                                 Buffers: shared hit=35167 read=111
                                 ->  Seq Scan on customer  (cost=0.00..50278.00 rows=1500000 width=145) (actual time=0.013..588.215 rows=1500000 loops=1)
                                       Buffers: shared hit=35167 read=111
                     ->  Hash  (cost=1.25..1.25 rows=25 width=30) (actual time=0.019..0.019 rows=25 loops=1)
                           Buckets: 1024  Batches: 1  Memory Usage: 10kB
                           Buffers: shared hit=1
                           ->  Seq Scan on nation  (cost=0.00..1.25 rows=25 width=30) (actual time=0.005..0.009 rows=25 loops=1)
                                 Buffers: shared hit=1
 Planning time: 4.856 ms
 Execution time: 31212.337 ms
(45 rows)

COMMIT;
COMMIT
