BEGIN;
BEGIN
EXPLAIN (ANALYZE, BUFFERS)
select
	l_shipmode,
	sum(case
		when o_orderpriority = '1-URGENT'
			or o_orderpriority = '2-HIGH'
			then 1
		else 0
	end) as high_line_count,
	sum(case
		when o_orderpriority <> '1-URGENT'
			and o_orderpriority <> '2-HIGH'
			then 1
		else 0
	end) as low_line_count
from
	orders,
	lineitem
where
	o_orderkey = l_orderkey
	and l_shipmode in ('TRUCK', 'REG AIR')
	and l_commitdate < l_receiptdate
	and l_shipdate < l_commitdate
	and l_receiptdate >= date '1995-01-01'
	and l_receiptdate < date '1995-01-01' + interval '1 year'
group by
	l_shipmode
order by
	l_shipmode;
                                                                                                                               QUERY PLAN                                                                                                                               
------------------------------------------------------------------------------------------------------------------------------------------------------------------------------------------------------------------------------------------------------------------------
 Sort  (cost=3041037.22..3041037.23 rows=1 width=27) (actual time=33160.334..33160.335 rows=2 loops=1)
   Sort Key: lineitem.l_shipmode
   Sort Method: quicksort  Memory: 25kB
   Buffers: shared hit=863832 read=464071 dirtied=352 written=50
   ->  HashAggregate  (cost=3041037.20..3041037.21 rows=1 width=27) (actual time=33160.284..33160.285 rows=2 loops=1)
         Group Key: lineitem.l_shipmode
         Buffers: shared hit=863827 read=464071 dirtied=352 written=50
         ->  Hash Join  (cost=594902.33..3035948.96 rows=290757 width=27) (actual time=8863.219..32840.741 rows=312408 loops=1)
               Hash Cond: (lineitem.l_orderkey = orders.o_orderkey)
               Buffers: shared hit=863827 read=464071 dirtied=352 written=50
               ->  Seq Scan on lineitem  (cost=0.00..2431960.47 rows=290757 width=15) (actual time=0.053..23665.525 rows=312408 loops=1)
                     Filter: ((l_shipmode = ANY ('{TRUCK,"REG AIR"}'::bpchar[])) AND (l_commitdate < l_receiptdate) AND (l_shipdate < l_commitdate) AND (l_receiptdate >= '1995-01-01'::date) AND (l_receiptdate < '1996-01-01 00:00:00'::timestamp without time zone))
                     Rows Removed by Filter: 59672501
                     Buffers: shared hit=631292 read=441562 written=3
               ->  Hash  (cost=406090.48..406090.48 rows=15104948 width=20) (actual time=8793.597..8793.597 rows=15000000 loops=1)
                     Buckets: 16777216  Batches: 1  Memory Usage: 892791kB
                     Buffers: shared hit=232532 read=22509 dirtied=352 written=47
                     ->  Seq Scan on orders  (cost=0.00..406090.48 rows=15104948 width=20) (actual time=0.009..4309.307 rows=15000000 loops=1)
                           Buffers: shared hit=232532 read=22509 dirtied=352 written=47
 Planning time: 2.277 ms
 Execution time: 33165.139 ms
(21 rows)

COMMIT;
COMMIT
