BEGIN;
BEGIN
EXPLAIN (ANALYZE, BUFFERS)
select
	c_custkey,
	c_name,
	sum(l_extendedprice * (1 - l_discount)) as revenue,
	c_acctbal,
	n_name,
	c_address,
	c_phone,
	c_comment
from
	customer,
	orders,
	lineitem,
	nation
where
	c_custkey = o_custkey
	and l_orderkey = o_orderkey
	and o_orderdate >= date '1994-07-01'
	and o_orderdate < cast(date '1994-07-01' + interval '3 month' as date)
	and l_returnflag = 'R'
	and c_nationkey = n_nationkey
group by
	c_custkey,
	c_name,
	c_acctbal,
	c_phone,
	n_name,
	c_address,
	c_comment
order by
	revenue desc
LIMIT 20;
                                                                                               QUERY PLAN                                                                                                
---------------------------------------------------------------------------------------------------------------------------------------------------------------------------------------------------------
 Limit  (cost=2284197.48..2284197.53 rows=20 width=175) (actual time=31783.224..31783.229 rows=20 loops=1)
   Buffers: shared hit=1219851 read=142024 dirtied=824 written=869
   ->  Sort  (cost=2284197.48..2285609.29 rows=564722 width=175) (actual time=31783.221..31783.224 rows=20 loops=1)
         Sort Key: (sum((lineitem.l_extendedprice * (1::double precision - lineitem.l_discount))))
         Sort Method: top-N heapsort  Memory: 30kB
         Buffers: shared hit=1219851 read=142024 dirtied=824 written=869
         ->  HashAggregate  (cost=2263523.21..2269170.43 rows=564722 width=175) (actual time=31407.000..31643.736 rows=381504 loops=1)
               Group Key: customer.c_custkey, customer.c_name, customer.c_acctbal, customer.c_phone, nation.n_name, customer.c_address, customer.c_comment
               Buffers: shared hit=1219848 read=142024 dirtied=824 written=869
               ->  Hash Join  (cost=345388.94..2249405.16 rows=564722 width=175) (actual time=7567.960..29392.788 rows=1147011 loops=1)
                     Hash Cond: (customer.c_nationkey = nation.n_nationkey)
                     Buffers: shared hit=1219848 read=142024 dirtied=824 written=869
                     ->  Hash Join  (cost=345387.38..2241638.67 rows=564722 width=153) (actual time=7567.928..28973.030 rows=1147011 loops=1)
                           Hash Cond: (orders.o_custkey = customer.c_custkey)
                           Buffers: shared hit=1219847 read=142024 dirtied=824 written=869
                           ->  Hash Join  (cost=276359.38..2164139.84 rows=564722 width=12) (actual time=6169.373..26719.843 rows=1147011 loops=1)
                                 Hash Cond: (lineitem.l_orderkey = orders.o_orderkey)
                                 Buffers: shared hit=1184569 read=142024 dirtied=824 written=869
                                 ->  Seq Scan on lineitem  (cost=0.00..1826108.85 rows=14939839 width=12) (actual time=0.012..16973.590 rows=14823276 loops=1)
                                       Filter: (l_returnflag = 'R'::bpchar)
                                       Rows Removed by Filter: 45222550
                                       Buffers: shared hit=1002469 read=69326 dirtied=451 written=438
                                 ->  Hash  (cost=269229.45..269229.45 rows=570394 width=8) (actual time=6164.195..6164.195 rows=573882 loops=1)
                                       Buckets: 1048576  Batches: 1  Memory Usage: 30610kB
                                       Buffers: shared hit=182100 read=72698 dirtied=373 written=431
                                       ->  Bitmap Heap Scan on orders  (cost=5886.54..269229.45 rows=570394 width=8) (actual time=27.560..5936.511 rows=573882 loops=1)
                                             Recheck Cond: ((o_orderdate >= '1994-07-01'::date) AND (o_orderdate < '1994-10-01'::date))
                                             Rows Removed by Index Recheck: 14441118
                                             Heap Blocks: lossy=254787
                                             Buffers: shared hit=182100 read=72698 dirtied=373 written=431
                                             ->  Bitmap Index Scan on orders_o_orderkey_o_orderdate_brin_idx  (cost=0.00..5743.94 rows=570394 width=0) (actual time=27.398..27.398 rows=2548480 loops=1)
                                                   Index Cond: ((o_orderdate >= '1994-07-01'::date) AND (o_orderdate < '1994-10-01'::date))
                                                   Buffers: shared hit=3 read=8
                           ->  Hash  (cost=50278.00..50278.00 rows=1500000 width=145) (actual time=1386.205..1386.205 rows=1500000 loops=1)
                                 Buckets: 2097152  Batches: 1  Memory Usage: 281501kB
                                 Buffers: shared hit=35278
                                 ->  Seq Scan on customer  (cost=0.00..50278.00 rows=1500000 width=145) (actual time=0.010..558.605 rows=1500000 loops=1)
                                       Buffers: shared hit=35278
                     ->  Hash  (cost=1.25..1.25 rows=25 width=30) (actual time=0.019..0.019 rows=25 loops=1)
                           Buckets: 1024  Batches: 1  Memory Usage: 10kB
                           Buffers: shared hit=1
                           ->  Seq Scan on nation  (cost=0.00..1.25 rows=25 width=30) (actual time=0.005..0.008 rows=25 loops=1)
                                 Buffers: shared hit=1
 Planning time: 4.110 ms
 Execution time: 31801.158 ms
(45 rows)

COMMIT;
COMMIT
