BEGIN;
BEGIN
EXPLAIN (ANALYZE, BUFFERS)
select
	l_shipmode,
	sum(case
		when o_orderpriority = '1-URGENT'
			or o_orderpriority = '2-HIGH'
			then 1
		else 0
	end) as high_line_count,
	sum(case
		when o_orderpriority <> '1-URGENT'
			and o_orderpriority <> '2-HIGH'
			then 1
		else 0
	end) as low_line_count
from
	orders,
	lineitem
where
	o_orderkey = l_orderkey
	and l_shipmode in ('MAIL', 'AIR')
	and l_commitdate < l_receiptdate
	and l_shipdate < l_commitdate
	and l_receiptdate >= date '1997-01-01'
	and l_receiptdate < date '1997-01-01' + interval '1 year'
group by
	l_shipmode
order by
	l_shipmode;
                                                                                                                           QUERY PLAN                                                                                                                            
-----------------------------------------------------------------------------------------------------------------------------------------------------------------------------------------------------------------------------------------------------------------
 Sort  (cost=3038022.35..3038022.36 rows=1 width=27) (actual time=34206.342..34206.342 rows=2 loops=1)
   Sort Key: lineitem.l_shipmode
   Sort Method: quicksort  Memory: 25kB
   Buffers: shared hit=809161 read=517429 written=392
   ->  HashAggregate  (cost=3038022.33..3038022.34 rows=1 width=27) (actual time=34206.293..34206.293 rows=2 loops=1)
         Group Key: lineitem.l_shipmode
         Buffers: shared hit=809156 read=517429 written=392
         ->  Hash Join  (cost=594309.84..3032941.93 rows=290309 width=27) (actual time=9188.591..33872.484 rows=311229 loops=1)
               Hash Cond: (lineitem.l_orderkey = orders.o_orderkey)
               Buffers: shared hit=809156 read=517429 written=392
               ->  Seq Scan on lineitem  (cost=0.00..2429559.93 rows=290309 width=15) (actual time=0.097..24367.213 rows=311229 loops=1)
                     Filter: ((l_shipmode = ANY ('{MAIL,AIR}'::bpchar[])) AND (l_commitdate < l_receiptdate) AND (l_shipdate < l_commitdate) AND (l_receiptdate >= '1997-01-01'::date) AND (l_receiptdate < '1998-01-01 00:00:00'::timestamp without time zone))
                     Rows Removed by Filter: 59734597
                     Buffers: shared hit=631420 read=440375 written=1
               ->  Hash  (cost=405686.04..405686.04 rows=15089904 width=20) (actual time=9142.707..9142.707 rows=15015000 loops=1)
                     Buckets: 16777216  Batches: 1  Memory Usage: 893553kB
                     Buffers: shared hit=177733 read=77054 written=391
                     ->  Seq Scan on orders  (cost=0.00..405686.04 rows=15089904 width=20) (actual time=0.011..4684.151 rows=15015000 loops=1)
                           Buffers: shared hit=177733 read=77054 written=391
 Planning time: 2.739 ms
 Execution time: 34210.576 ms
(21 rows)

COMMIT;
COMMIT
