BEGIN;
BEGIN
EXPLAIN (ANALYZE, BUFFERS)
select
	c_custkey,
	c_name,
	sum(l_extendedprice * (1 - l_discount)) as revenue,
	c_acctbal,
	n_name,
	c_address,
	c_phone,
	c_comment
from
	customer,
	orders,
	lineitem,
	nation
where
	c_custkey = o_custkey
	and l_orderkey = o_orderkey
	and o_orderdate >= date '1994-02-01'
	and o_orderdate < cast(date '1994-02-01' + interval '3 month' as date)
	and l_returnflag = 'R'
	and c_nationkey = n_nationkey
group by
	c_custkey,
	c_name,
	c_acctbal,
	c_phone,
	n_name,
	c_address,
	c_comment
order by
	revenue desc
LIMIT 20;
                                                                                               QUERY PLAN                                                                                                
---------------------------------------------------------------------------------------------------------------------------------------------------------------------------------------------------------
 Limit  (cost=2275961.19..2275961.24 rows=20 width=175) (actual time=30659.486..30659.492 rows=20 loops=1)
   Buffers: shared hit=980698 read=377228
   ->  Sort  (cost=2275961.19..2277339.14 rows=551180 width=175) (actual time=30659.483..30659.486 rows=20 loops=1)
         Sort Key: (sum((lineitem.l_extendedprice * (1::double precision - lineitem.l_discount))))
         Sort Method: top-N heapsort  Memory: 30kB
         Buffers: shared hit=980698 read=377228
         ->  HashAggregate  (cost=2255782.69..2261294.49 rows=551180 width=175) (actual time=30314.920..30524.417 rows=372189 loops=1)
               Group Key: customer.c_custkey, customer.c_name, customer.c_acctbal, customer.c_phone, nation.n_name, customer.c_address, customer.c_comment
               Buffers: shared hit=980695 read=377228
               ->  Hash Join  (cost=344113.55..2242003.19 rows=551180 width=175) (actual time=7365.037..28449.749 rows=1110576 loops=1)
                     Hash Cond: (customer.c_nationkey = nation.n_nationkey)
                     Buffers: shared hit=980695 read=377228
                     ->  Hash Join  (cost=344111.99..2234422.90 rows=551180 width=153) (actual time=7365.009..28049.592 rows=1110576 loops=1)
                           Hash Cond: (orders.o_custkey = customer.c_custkey)
                           Buffers: shared hit=980694 read=377228
                           ->  Hash Join  (cost=275083.99..2157127.20 rows=551180 width=12) (actual time=5973.244..25973.791 rows=1110576 loops=1)
                                 Hash Cond: (lineitem.l_orderkey = orders.o_orderkey)
                                 Buffers: shared hit=945416 read=377228
                                 ->  Seq Scan on lineitem  (cost=0.00..1820673.76 rows=14895373 width=12) (actual time=0.019..16744.063 rows=14823192 loops=1)
                                       Filter: (l_returnflag = 'R'::bpchar)
                                       Rows Removed by Filter: 45222187
                                       Buffers: shared hit=792954 read=275651
                                 ->  Hash  (cost=268125.05..268125.05 rows=556715 width=8) (actual time=5968.678..5968.678 rows=554776 loops=1)
                                       Buckets: 1048576  Batches: 1  Memory Usage: 29863kB
                                       Buffers: shared hit=152462 read=101577
                                       ->  Bitmap Heap Scan on orders  (cost=5746.33..268125.05 rows=556715 width=8) (actual time=27.486..5755.463 rows=554776 loops=1)
                                             Recheck Cond: ((o_orderdate >= '1994-02-01'::date) AND (o_orderdate < '1994-05-01'::date))
                                             Rows Removed by Index Recheck: 14460224
                                             Heap Blocks: lossy=254028
                                             Buffers: shared hit=152462 read=101577
                                             ->  Bitmap Index Scan on orders_o_orderkey_o_orderdate_brin_idx  (cost=0.00..5607.15 rows=556715 width=0) (actual time=27.319..27.319 rows=2540800 loops=1)
                                                   Index Cond: ((o_orderdate >= '1994-02-01'::date) AND (o_orderdate < '1994-05-01'::date))
                                                   Buffers: shared hit=3 read=8
                           ->  Hash  (cost=50278.00..50278.00 rows=1500000 width=145) (actual time=1382.973..1382.973 rows=1500000 loops=1)
                                 Buckets: 2097152  Batches: 1  Memory Usage: 281501kB
                                 Buffers: shared hit=35278
                                 ->  Seq Scan on customer  (cost=0.00..50278.00 rows=1500000 width=145) (actual time=0.008..546.979 rows=1500000 loops=1)
                                       Buffers: shared hit=35278
                     ->  Hash  (cost=1.25..1.25 rows=25 width=30) (actual time=0.017..0.017 rows=25 loops=1)
                           Buckets: 1024  Batches: 1  Memory Usage: 10kB
                           Buffers: shared hit=1
                           ->  Seq Scan on nation  (cost=0.00..1.25 rows=25 width=30) (actual time=0.004..0.007 rows=25 loops=1)
                                 Buffers: shared hit=1
 Planning time: 4.054 ms
 Execution time: 30673.019 ms
(45 rows)

COMMIT;
COMMIT
