BEGIN;
BEGIN
EXPLAIN (ANALYZE, BUFFERS)
select
	l_shipmode,
	sum(case
		when o_orderpriority = '1-URGENT'
			or o_orderpriority = '2-HIGH'
			then 1
		else 0
	end) as high_line_count,
	sum(case
		when o_orderpriority <> '1-URGENT'
			and o_orderpriority <> '2-HIGH'
			then 1
		else 0
	end) as low_line_count
from
	orders,
	lineitem
where
	o_orderkey = l_orderkey
	and l_shipmode in ('TRUCK', 'SHIP')
	and l_commitdate < l_receiptdate
	and l_shipdate < l_commitdate
	and l_receiptdate >= date '1994-01-01'
	and l_receiptdate < date '1994-01-01' + interval '1 year'
group by
	l_shipmode
order by
	l_shipmode;
                                                                                                                            QUERY PLAN                                                                                                                             
-------------------------------------------------------------------------------------------------------------------------------------------------------------------------------------------------------------------------------------------------------------------
 Sort  (cost=3043994.82..3043994.83 rows=1 width=27) (actual time=33008.368..33008.369 rows=2 loops=1)
   Sort Key: lineitem.l_shipmode
   Sort Method: quicksort  Memory: 25kB
   Buffers: shared hit=1000200 read=329018 dirtied=1 written=10
   ->  HashAggregate  (cost=3043994.80..3043994.81 rows=1 width=27) (actual time=33008.315..33008.315 rows=2 loops=1)
         Group Key: lineitem.l_shipmode
         Buffers: shared hit=1000195 read=329018 dirtied=1 written=10
         ->  Hash Join  (cost=595494.80..3038920.90 rows=289937 width=27) (actual time=8546.031..32690.636 rows=311505 loops=1)
               Hash Cond: (lineitem.l_orderkey = orders.o_orderkey)
               Buffers: shared hit=1000195 read=329018 dirtied=1 written=10
               ->  Seq Scan on lineitem  (cost=0.00..2434365.58 rows=289937 width=15) (actual time=0.049..23847.776 rows=311505 loops=1)
                     Filter: ((l_shipmode = ANY ('{TRUCK,SHIP}'::bpchar[])) AND (l_commitdate < l_receiptdate) AND (l_shipdate < l_commitdate) AND (l_receiptdate >= '1994-01-01'::date) AND (l_receiptdate < '1995-01-01 00:00:00'::timestamp without time zone))
                     Rows Removed by Filter: 59733159
                     Buffers: shared hit=744897 read=329018 dirtied=1 written=10
               ->  Hash  (cost=406494.91..406494.91 rows=15119991 width=20) (actual time=8498.104..8498.104 rows=15015000 loops=1)
                     Buckets: 16777216  Batches: 1  Memory Usage: 893553kB
                     Buffers: shared hit=255295
                     ->  Seq Scan on orders  (cost=0.00..406494.91 rows=15119991 width=20) (actual time=0.012..4067.708 rows=15015000 loops=1)
                           Buffers: shared hit=255295
 Planning time: 2.187 ms
 Execution time: 33012.480 ms
(21 rows)

COMMIT;
COMMIT
