BEGIN;
BEGIN
EXPLAIN (ANALYZE, BUFFERS)
select
	s_name,
	count(*) as numwait
from
	supplier,
	lineitem l1,
	orders,
	nation
where
	s_suppkey = l1.l_suppkey
	and o_orderkey = l1.l_orderkey
	and o_orderstatus = 'F'
	and l1.l_receiptdate > l1.l_commitdate
	and exists (
		select
			*
		from
			lineitem l2
		where
			l2.l_orderkey = l1.l_orderkey
			and l2.l_suppkey <> l1.l_suppkey
	)
	and not exists (
		select
			*
		from
			lineitem l3
		where
			l3.l_orderkey = l1.l_orderkey
			and l3.l_suppkey <> l1.l_suppkey
			and l3.l_receiptdate > l3.l_commitdate
	)
	and s_nationkey = n_nationkey
	and n_name = 'CHINA'
group by
	s_name
order by
	numwait desc,
	s_name
LIMIT 100;
                                                                                                  QUERY PLAN                                                                                                  
--------------------------------------------------------------------------------------------------------------------------------------------------------------------------------------------------------------
 Limit  (cost=2883795.46..2883795.46 rows=1 width=26) (actual time=41719.636..41719.653 rows=100 loops=1)
   Buffers: shared hit=13633474 read=714605 written=18
   ->  Sort  (cost=2883795.46..2883795.46 rows=1 width=26) (actual time=41719.634..41719.641 rows=100 loops=1)
         Sort Key: (count(*)), supplier.s_name
         Sort Method: top-N heapsort  Memory: 32kB
         Buffers: shared hit=13633474 read=714605 written=18
         ->  HashAggregate  (cost=2883795.44..2883795.45 rows=1 width=26) (actual time=41717.306..41718.448 rows=3988 loops=1)
               Group Key: supplier.s_name
               Buffers: shared hit=13633466 read=714605 written=18
               ->  Nested Loop Anti Join  (cost=2406.88..2883795.43 rows=1 width=26) (actual time=34.833..41660.017 rows=39934 loops=1)
                     Buffers: shared hit=13633466 read=714605 written=18
                     ->  Nested Loop Semi Join  (cost=2406.31..2883793.65 rows=1 width=34) (actual time=32.707..38771.428 rows=705240 loops=1)
                           Join Filter: (orders.o_orderkey = l2.l_orderkey)
                           Buffers: shared hit=10093965 read=712808 written=17
                           ->  Nested Loop  (cost=2405.75..2356342.75 rows=394667 width=38) (actual time=32.653..34135.872 rows=731576 loops=1)
                                 Buffers: shared hit=6507790 read=635558 written=8
                                 ->  Hash Join  (cost=2405.31..1929064.33 rows=811520 width=34) (actual time=32.591..25717.711 rows=1512905 loops=1)
                                       Hash Cond: (l1.l_suppkey = supplier.s_suppkey)
                                       Buffers: shared hit=599097 read=484467 written=2
                                       ->  Seq Scan on lineitem l1  (cost=0.00..1842437.93 rows=20294905 width=8) (actual time=0.013..18687.695 rows=37927733 loops=1)
                                             Filter: (l_receiptdate > l_commitdate)
                                             Rows Removed by Filter: 22057015
                                             Buffers: shared hit=596912 read=484467 written=2
                                       ->  Hash  (cost=2355.31..2355.31 rows=4000 width=30) (actual time=32.547..32.547 rows=3988 loops=1)
                                             Buckets: 4096  Batches: 1  Memory Usage: 282kB
                                             Buffers: shared hit=2182
                                             ->  Nested Loop  (cost=43.00..2355.31 rows=4000 width=30) (actual time=0.281..31.452 rows=3988 loops=1)
                                                   Buffers: shared hit=2182
                                                   ->  Seq Scan on nation  (cost=0.00..1.31 rows=1 width=4) (actual time=0.007..0.010 rows=1 loops=1)
                                                         Filter: (n_name = 'CHINA'::bpchar)
                                                         Rows Removed by Filter: 24
                                                         Buffers: shared hit=1
                                                   ->  Bitmap Heap Scan on supplier  (cost=43.00..2314.00 rows=4000 width=34) (actual time=0.267..30.823 rows=3988 loops=1)
                                                         Recheck Cond: (s_nationkey = nation.n_nationkey)
                                                         Rows Removed by Index Recheck: 96012
                                                         Heap Blocks: lossy=2179
                                                         Buffers: shared hit=2181
                                                         ->  Bitmap Index Scan on supplier_s_nationkey_s_suppkey_brin_idx  (cost=0.00..42.00 rows=4000 width=0) (actual time=0.250..0.250 rows=23040 loops=1)
                                                               Index Cond: (s_nationkey = nation.n_nationkey)
                                                               Buffers: shared hit=2
                                 ->  Index Scan using pk_orders on orders  (cost=0.43..0.52 rows=1 width=4) (actual time=0.005..0.005 rows=0 loops=1512905)
                                       Index Cond: (o_orderkey = l1.l_orderkey)
                                       Filter: (o_orderstatus = 'F'::bpchar)
                                       Rows Removed by Filter: 1
                                       Buffers: shared hit=5908693 read=151091 written=6
                           ->  Index Scan using pk_lineitem on lineitem l2  (cost=0.56..1.15 rows=15 width=8) (actual time=0.006..0.006 rows=1 loops=731576)
                                 Index Cond: (l_orderkey = l1.l_orderkey)
                                 Filter: (l_suppkey <> l1.l_suppkey)
                                 Rows Removed by Filter: 0
                                 Buffers: shared hit=3586175 read=77250 written=9
                     ->  Index Scan using pk_lineitem on lineitem l3  (cost=0.56..1.15 rows=5 width=8) (actual time=0.004..0.004 rows=1 loops=705240)
                           Index Cond: (l_orderkey = l1.l_orderkey)
                           Filter: ((l_receiptdate > l_commitdate) AND (l_suppkey <> l1.l_suppkey))
                           Rows Removed by Filter: 1
                           Buffers: shared hit=3539501 read=1797 written=1
 Planning time: 9.078 ms
 Execution time: 41719.972 ms
(57 rows)

COMMIT;
COMMIT
