BEGIN;
BEGIN
EXPLAIN (ANALYZE, BUFFERS)
select
	c_custkey,
	c_name,
	sum(l_extendedprice * (1 - l_discount)) as revenue,
	c_acctbal,
	n_name,
	c_address,
	c_phone,
	c_comment
from
	customer,
	orders,
	lineitem,
	nation
where
	c_custkey = o_custkey
	and l_orderkey = o_orderkey
	and o_orderdate >= date '1993-12-01'
	and o_orderdate < cast(date '1993-12-01' + interval '3 month' as date)
	and l_returnflag = 'R'
	and c_nationkey = n_nationkey
group by
	c_custkey,
	c_name,
	c_acctbal,
	c_phone,
	n_name,
	c_address,
	c_comment
order by
	revenue desc
LIMIT 20;
                                                                                               QUERY PLAN                                                                                                
---------------------------------------------------------------------------------------------------------------------------------------------------------------------------------------------------------
 Limit  (cost=2295681.52..2295681.57 rows=20 width=175) (actual time=30383.741..30383.748 rows=20 loops=1)
   Buffers: shared hit=1162240 read=207546 written=234
   ->  Sort  (cost=2295681.52..2297070.60 rows=555631 width=175) (actual time=30383.737..30383.741 rows=20 loops=1)
         Sort Key: (sum((lineitem.l_extendedprice * (1::double precision - lineitem.l_discount))))
         Sort Method: top-N heapsort  Memory: 30kB
         Buffers: shared hit=1162240 read=207546 written=234
         ->  HashAggregate  (cost=2275340.07..2280896.38 rows=555631 width=175) (actual time=30046.894..30247.544 rows=375013 loops=1)
               Group Key: customer.c_custkey, customer.c_name, customer.c_acctbal, customer.c_phone, nation.n_name, customer.c_address, customer.c_comment
               Buffers: shared hit=1162237 read=207546 written=234
               ->  Hash Join  (cost=346562.39..2261449.29 rows=555631 width=175) (actual time=7326.121..28133.463 rows=1121421 loops=1)
                     Hash Cond: (customer.c_nationkey = nation.n_nationkey)
                     Buffers: shared hit=1162237 read=207546 written=234
                     ->  Hash Join  (cost=346560.83..2253807.81 rows=555631 width=153) (actual time=7326.091..27735.072 rows=1121421 loops=1)
                           Hash Cond: (orders.o_custkey = customer.c_custkey)
                           Buffers: shared hit=1162236 read=207546 written=234
                           ->  Hash Join  (cost=277532.83..2176445.34 rows=555631 width=12) (actual time=5606.941..25213.954 rows=1121421 loops=1)
                                 Hash Cond: (lineitem.l_orderkey = orders.o_orderkey)
                                 Buffers: shared hit=1162234 read=172270 written=63
                                 ->  Seq Scan on lineitem  (cost=0.00..1836997.74 rows=15028924 width=12) (actual time=0.011..16528.722 rows=14822519 loops=1)
                                       Filter: (l_returnflag = 'R'::bpchar)
                                       Rows Removed by Filter: 45222475
                                       Buffers: shared hit=932805 read=145381 written=3
                                 ->  Hash  (cost=270517.65..270517.65 rows=561214 width=8) (actual time=5602.130..5602.130 rows=561005 loops=1)
                                       Buckets: 1048576  Batches: 1  Memory Usage: 30107kB
                                       Buffers: shared hit=229429 read=26889 written=60
                                       ->  Bitmap Heap Scan on orders  (cost=5792.44..270517.65 rows=561214 width=8) (actual time=28.843..5405.709 rows=561005 loops=1)
                                             Recheck Cond: ((o_orderdate >= '1993-12-01'::date) AND (o_orderdate < '1994-03-01'::date))
                                             Rows Removed by Index Recheck: 14453995
                                             Heap Blocks: lossy=256307
                                             Buffers: shared hit=229429 read=26889 written=60
                                             ->  Bitmap Index Scan on orders_o_orderkey_o_orderdate_brin_idx  (cost=0.00..5652.14 rows=561214 width=0) (actual time=28.679..28.679 rows=2563840 loops=1)
                                                   Index Cond: ((o_orderdate >= '1993-12-01'::date) AND (o_orderdate < '1994-03-01'::date))
                                                   Buffers: shared hit=3 read=8
                           ->  Hash  (cost=50278.00..50278.00 rows=1500000 width=145) (actual time=1710.251..1710.251 rows=1500000 loops=1)
                                 Buckets: 2097152  Batches: 1  Memory Usage: 281501kB
                                 Buffers: shared hit=2 read=35276 written=171
                                 ->  Seq Scan on customer  (cost=0.00..50278.00 rows=1500000 width=145) (actual time=0.007..848.674 rows=1500000 loops=1)
                                       Buffers: shared hit=2 read=35276 written=171
                     ->  Hash  (cost=1.25..1.25 rows=25 width=30) (actual time=0.017..0.017 rows=25 loops=1)
                           Buckets: 1024  Batches: 1  Memory Usage: 10kB
                           Buffers: shared hit=1
                           ->  Seq Scan on nation  (cost=0.00..1.25 rows=25 width=30) (actual time=0.004..0.005 rows=25 loops=1)
                                 Buffers: shared hit=1
 Planning time: 4.295 ms
 Execution time: 30399.131 ms
(45 rows)

COMMIT;
COMMIT
